{"C:\\Users\\usuario\\Dropbox\\My PC (DESKTOP-R6SOP30)\\Documents\\2025\\sistemas modulares\\TFD\\TFD360\\backend\\controllers\\agendamento-relatorio.controller.js": {"path":"C:\\Users\\usuario\\Dropbox\\My PC (DESKTOP-R6SOP30)\\Documents\\2025\\sistemas modulares\\TFD\\TFD360\\backend\\controllers\\agendamento-relatorio.controller.js","statementMap":{"0":{"start":{"line":1,"column":29},"end":{"line":1,"column":77}},"1":{"start":{"line":2,"column":24},"end":{"line":2,"column":52}},"2":{"start":{"line":3,"column":25},"end":{"line":3,"column":65}},"3":{"start":{"line":4,"column":36},"end":{"line":4,"column":88}},"4":{"start":{"line":5,"column":28},"end":{"line":5,"column":63}},"5":{"start":{"line":6,"column":23},"end":{"line":6,"column":54}},"6":{"start":{"line":11,"column":27},"end":{"line":34,"column":1}},"7":{"start":{"line":12,"column":2},"end":{"line":33,"column":3}},"8":{"start":{"line":14,"column":20},"end":{"line":18,"column":5}},"9":{"start":{"line":20,"column":28},"end":{"line":23,"column":5}},"10":{"start":{"line":25,"column":22},"end":{"line":28,"column":5}},"11":{"start":{"line":30,"column":4},"end":{"line":30,"column":31}},"12":{"start":{"line":32,"column":4},"end":{"line":32,"column":26}},"13":{"start":{"line":39,"column":25},"end":{"line":52,"column":1}},"14":{"start":{"line":40,"column":2},"end":{"line":51,"column":3}},"15":{"start":{"line":41,"column":19},"end":{"line":41,"column":29}},"16":{"start":{"line":43,"column":4},"end":{"line":45,"column":5}},"17":{"start":{"line":44,"column":6},"end":{"line":44,"column":78}},"18":{"start":{"line":47,"column":24},"end":{"line":47,"column":83}},"19":{"start":{"line":48,"column":4},"end":{"line":48,"column":33}},"20":{"start":{"line":50,"column":4},"end":{"line":50,"column":26}},"21":{"start":{"line":57,"column":25},"end":{"line":74,"column":1}},"22":{"start":{"line":58,"column":2},"end":{"line":73,"column":3}},"23":{"start":{"line":59,"column":29},"end":{"line":59,"column":37}},"24":{"start":{"line":60,"column":23},"end":{"line":60,"column":37}},"25":{"start":{"line":62,"column":28},"end":{"line":65,"column":5}},"26":{"start":{"line":67,"column":4},"end":{"line":70,"column":7}},"27":{"start":{"line":72,"column":4},"end":{"line":72,"column":26}},"28":{"start":{"line":79,"column":29},"end":{"line":100,"column":1}},"29":{"start":{"line":80,"column":2},"end":{"line":99,"column":3}},"30":{"start":{"line":81,"column":19},"end":{"line":81,"column":29}},"31":{"start":{"line":83,"column":4},"end":{"line":85,"column":5}},"32":{"start":{"line":84,"column":6},"end":{"line":84,"column":78}},"33":{"start":{"line":87,"column":29},"end":{"line":87,"column":37}},"34":{"start":{"line":88,"column":34},"end":{"line":91,"column":5}},"35":{"start":{"line":93,"column":4},"end":{"line":96,"column":7}},"36":{"start":{"line":98,"column":4},"end":{"line":98,"column":26}},"37":{"start":{"line":105,"column":22},"end":{"line":128,"column":1}},"38":{"start":{"line":106,"column":2},"end":{"line":127,"column":3}},"39":{"start":{"line":107,"column":19},"end":{"line":107,"column":29}},"40":{"start":{"line":109,"column":4},"end":{"line":111,"column":5}},"41":{"start":{"line":110,"column":6},"end":{"line":110,"column":78}},"42":{"start":{"line":113,"column":22},"end":{"line":113,"column":30}},"43":{"start":{"line":115,"column":4},"end":{"line":117,"column":5}},"44":{"start":{"line":116,"column":6},"end":{"line":116,"column":81}},"45":{"start":{"line":119,"column":24},"end":{"line":119,"column":82}},"46":{"start":{"line":121,"column":4},"end":{"line":124,"column":7}},"47":{"start":{"line":126,"column":4},"end":{"line":126,"column":26}},"48":{"start":{"line":133,"column":27},"end":{"line":149,"column":1}},"49":{"start":{"line":134,"column":2},"end":{"line":148,"column":3}},"50":{"start":{"line":135,"column":19},"end":{"line":135,"column":29}},"51":{"start":{"line":137,"column":4},"end":{"line":139,"column":5}},"52":{"start":{"line":138,"column":6},"end":{"line":138,"column":78}},"53":{"start":{"line":141,"column":4},"end":{"line":141,"column":61}},"54":{"start":{"line":143,"column":4},"end":{"line":145,"column":7}},"55":{"start":{"line":147,"column":4},"end":{"line":147,"column":26}},"56":{"start":{"line":154,"column":28},"end":{"line":171,"column":1}},"57":{"start":{"line":155,"column":2},"end":{"line":170,"column":3}},"58":{"start":{"line":156,"column":19},"end":{"line":156,"column":29}},"59":{"start":{"line":158,"column":4},"end":{"line":160,"column":5}},"60":{"start":{"line":159,"column":6},"end":{"line":159,"column":78}},"61":{"start":{"line":162,"column":22},"end":{"line":162,"column":79}},"62":{"start":{"line":164,"column":4},"end":{"line":167,"column":7}},"63":{"start":{"line":169,"column":4},"end":{"line":169,"column":26}},"64":{"start":{"line":176,"column":27},"end":{"line":187,"column":1}},"65":{"start":{"line":177,"column":2},"end":{"line":186,"column":3}},"66":{"start":{"line":178,"column":23},"end":{"line":178,"column":89}},"67":{"start":{"line":180,"column":4},"end":{"line":183,"column":7}},"68":{"start":{"line":185,"column":4},"end":{"line":185,"column":26}},"69":{"start":{"line":189,"column":0},"end":{"line":206,"column":2}}},"fnMap":{"0":{"name":"(anonymous_0)","decl":{"start":{"line":11,"column":27},"end":{"line":11,"column":28}},"loc":{"start":{"line":11,"column":47},"end":{"line":34,"column":1}},"line":11},"1":{"name":"(anonymous_1)","decl":{"start":{"line":39,"column":25},"end":{"line":39,"column":26}},"loc":{"start":{"line":39,"column":45},"end":{"line":52,"column":1}},"line":39},"2":{"name":"(anonymous_2)","decl":{"start":{"line":57,"column":25},"end":{"line":57,"column":26}},"loc":{"start":{"line":57,"column":45},"end":{"line":74,"column":1}},"line":57},"3":{"name":"(anonymous_3)","decl":{"start":{"line":79,"column":29},"end":{"line":79,"column":30}},"loc":{"start":{"line":79,"column":49},"end":{"line":100,"column":1}},"line":79},"4":{"name":"(anonymous_4)","decl":{"start":{"line":105,"column":22},"end":{"line":105,"column":23}},"loc":{"start":{"line":105,"column":42},"end":{"line":128,"column":1}},"line":105},"5":{"name":"(anonymous_5)","decl":{"start":{"line":133,"column":27},"end":{"line":133,"column":28}},"loc":{"start":{"line":133,"column":47},"end":{"line":149,"column":1}},"line":133},"6":{"name":"(anonymous_6)","decl":{"start":{"line":154,"column":28},"end":{"line":154,"column":29}},"loc":{"start":{"line":154,"column":48},"end":{"line":171,"column":1}},"line":154},"7":{"name":"(anonymous_7)","decl":{"start":{"line":176,"column":27},"end":{"line":176,"column":28}},"loc":{"start":{"line":176,"column":47},"end":{"line":187,"column":1}},"line":176}},"branchMap":{"0":{"loc":{"start":{"line":16,"column":13},"end":{"line":16,"column":83}},"type":"cond-expr","locations":[{"start":{"line":16,"column":45},"end":{"line":16,"column":71}},{"start":{"line":16,"column":74},"end":{"line":16,"column":83}}],"line":16},"1":{"loc":{"start":{"line":21,"column":14},"end":{"line":21,"column":47}},"type":"binary-expr","locations":[{"start":{"line":21,"column":14},"end":{"line":21,"column":42}},{"start":{"line":21,"column":46},"end":{"line":21,"column":47}}],"line":21},"2":{"loc":{"start":{"line":22,"column":14},"end":{"line":22,"column":49}},"type":"binary-expr","locations":[{"start":{"line":22,"column":14},"end":{"line":22,"column":43}},{"start":{"line":22,"column":47},"end":{"line":22,"column":49}}],"line":22},"3":{"loc":{"start":{"line":43,"column":4},"end":{"line":45,"column":5}},"type":"if","locations":[{"start":{"line":43,"column":4},"end":{"line":45,"column":5}},{"start":{},"end":{}}],"line":43},"4":{"loc":{"start":{"line":83,"column":4},"end":{"line":85,"column":5}},"type":"if","locations":[{"start":{"line":83,"column":4},"end":{"line":85,"column":5}},{"start":{},"end":{}}],"line":83},"5":{"loc":{"start":{"line":109,"column":4},"end":{"line":111,"column":5}},"type":"if","locations":[{"start":{"line":109,"column":4},"end":{"line":111,"column":5}},{"start":{},"end":{}}],"line":109},"6":{"loc":{"start":{"line":115,"column":4},"end":{"line":117,"column":5}},"type":"if","locations":[{"start":{"line":115,"column":4},"end":{"line":117,"column":5}},{"start":{},"end":{}}],"line":115},"7":{"loc":{"start":{"line":122,"column":44},"end":{"line":122,"column":76}},"type":"cond-expr","locations":[{"start":{"line":122,"column":52},"end":{"line":122,"column":61}},{"start":{"line":122,"column":64},"end":{"line":122,"column":76}}],"line":122},"8":{"loc":{"start":{"line":137,"column":4},"end":{"line":139,"column":5}},"type":"if","locations":[{"start":{"line":137,"column":4},"end":{"line":139,"column":5}},{"start":{},"end":{}}],"line":137},"9":{"loc":{"start":{"line":158,"column":4},"end":{"line":160,"column":5}},"type":"if","locations":[{"start":{"line":158,"column":4},"end":{"line":160,"column":5}},{"start":{},"end":{}}],"line":158}},"s":{"0":0,"1":0,"2":0,"3":0,"4":0,"5":0,"6":0,"7":0,"8":0,"9":0,"10":0,"11":0,"12":0,"13":0,"14":0,"15":0,"16":0,"17":0,"18":0,"19":0,"20":0,"21":0,"22":0,"23":0,"24":0,"25":0,"26":0,"27":0,"28":0,"29":0,"30":0,"31":0,"32":0,"33":0,"34":0,"35":0,"36":0,"37":0,"38":0,"39":0,"40":0,"41":0,"42":0,"43":0,"44":0,"45":0,"46":0,"47":0,"48":0,"49":0,"50":0,"51":0,"52":0,"53":0,"54":0,"55":0,"56":0,"57":0,"58":0,"59":0,"60":0,"61":0,"62":0,"63":0,"64":0,"65":0,"66":0,"67":0,"68":0,"69":0},"f":{"0":0,"1":0,"2":0,"3":0,"4":0,"5":0,"6":0,"7":0},"b":{"0":[0,0],"1":[0,0],"2":[0,0],"3":[0,0],"4":[0,0],"5":[0,0],"6":[0,0],"7":[0,0],"8":[0,0],"9":[0,0]}}
,"C:\\Users\\usuario\\Dropbox\\My PC (DESKTOP-R6SOP30)\\Documents\\2025\\sistemas modulares\\TFD\\TFD360\\backend\\controllers\\auth.controller.js": {"path":"C:\\Users\\usuario\\Dropbox\\My PC (DESKTOP-R6SOP30)\\Documents\\2025\\sistemas modulares\\TFD\\TFD360\\backend\\controllers\\auth.controller.js","statementMap":{"0":{"start":{"line":1,"column":12},"end":{"line":1,"column":35}},"1":{"start":{"line":2,"column":38},"end":{"line":2,"column":58}},"2":{"start":{"line":3,"column":19},"end":{"line":3,"column":44}},"3":{"start":{"line":4,"column":15},"end":{"line":4,"column":32}},"4":{"start":{"line":5,"column":18},"end":{"line":5,"column":54}},"5":{"start":{"line":13,"column":23},"end":{"line":51,"column":1}},"6":{"start":{"line":15,"column":25},"end":{"line":15,"column":35}},"7":{"start":{"line":16,"column":2},"end":{"line":16,"column":55}},"8":{"start":{"line":19,"column":22},"end":{"line":23,"column":3}},"9":{"start":{"line":26,"column":23},"end":{"line":30,"column":3}},"10":{"start":{"line":33,"column":2},"end":{"line":44,"column":5}},"11":{"start":{"line":46,"column":2},"end":{"line":50,"column":4}},"12":{"start":{"line":56,"column":14},"end":{"line":152,"column":1}},"13":{"start":{"line":57,"column":2},"end":{"line":151,"column":3}},"14":{"start":{"line":58,"column":29},"end":{"line":58,"column":37}},"15":{"start":{"line":61,"column":17},"end":{"line":69,"column":6}},"16":{"start":{"line":72,"column":4},"end":{"line":77,"column":5}},"17":{"start":{"line":73,"column":6},"end":{"line":76,"column":9}},"18":{"start":{"line":80,"column":4},"end":{"line":85,"column":5}},"19":{"start":{"line":81,"column":6},"end":{"line":84,"column":9}},"20":{"start":{"line":88,"column":25},"end":{"line":88,"column":57}},"21":{"start":{"line":89,"column":4},"end":{"line":94,"column":5}},"22":{"start":{"line":90,"column":6},"end":{"line":93,"column":9}},"23":{"start":{"line":97,"column":4},"end":{"line":104,"column":5}},"24":{"start":{"line":98,"column":6},"end":{"line":103,"column":7}},"25":{"start":{"line":99,"column":8},"end":{"line":102,"column":11}},"26":{"start":{"line":107,"column":4},"end":{"line":107,"column":35}},"27":{"start":{"line":108,"column":4},"end":{"line":108,"column":22}},"28":{"start":{"line":111,"column":4},"end":{"line":117,"column":7}},"29":{"start":{"line":120,"column":22},"end":{"line":120,"column":53}},"30":{"start":{"line":121,"column":22},"end":{"line":121,"column":60}},"31":{"start":{"line":122,"column":19},"end":{"line":122,"column":67}},"32":{"start":{"line":125,"column":21},"end":{"line":137,"column":5}},"33":{"start":{"line":140,"column":4},"end":{"line":143,"column":7}},"34":{"start":{"line":145,"column":4},"end":{"line":145,"column":43}},"35":{"start":{"line":146,"column":4},"end":{"line":150,"column":7}},"36":{"start":{"line":157,"column":21},"end":{"line":239,"column":1}},"37":{"start":{"line":158,"column":2},"end":{"line":238,"column":3}},"38":{"start":{"line":159,"column":29},"end":{"line":159,"column":37}},"39":{"start":{"line":161,"column":4},"end":{"line":166,"column":5}},"40":{"start":{"line":162,"column":6},"end":{"line":165,"column":9}},"41":{"start":{"line":169,"column":20},"end":{"line":174,"column":6}},"42":{"start":{"line":176,"column":4},"end":{"line":181,"column":5}},"43":{"start":{"line":177,"column":6},"end":{"line":180,"column":9}},"44":{"start":{"line":184,"column":4},"end":{"line":190,"column":5}},"45":{"start":{"line":185,"column":6},"end":{"line":185,"column":33}},"46":{"start":{"line":186,"column":6},"end":{"line":189,"column":9}},"47":{"start":{"line":193,"column":17},"end":{"line":200,"column":6}},"48":{"start":{"line":202,"column":4},"end":{"line":208,"column":5}},"49":{"start":{"line":203,"column":6},"end":{"line":203,"column":33}},"50":{"start":{"line":204,"column":6},"end":{"line":207,"column":9}},"51":{"start":{"line":211,"column":4},"end":{"line":219,"column":5}},"52":{"start":{"line":212,"column":6},"end":{"line":218,"column":7}},"53":{"start":{"line":213,"column":8},"end":{"line":213,"column":35}},"54":{"start":{"line":214,"column":8},"end":{"line":217,"column":11}},"55":{"start":{"line":222,"column":4},"end":{"line":222,"column":31}},"56":{"start":{"line":225,"column":22},"end":{"line":225,"column":53}},"57":{"start":{"line":226,"column":22},"end":{"line":226,"column":60}},"58":{"start":{"line":227,"column":19},"end":{"line":227,"column":67}},"59":{"start":{"line":230,"column":4},"end":{"line":230,"column":28}},"60":{"start":{"line":232,"column":4},"end":{"line":232,"column":53}},"61":{"start":{"line":233,"column":4},"end":{"line":237,"column":7}},"62":{"start":{"line":244,"column":15},"end":{"line":281,"column":1}},"63":{"start":{"line":245,"column":2},"end":{"line":280,"column":3}},"64":{"start":{"line":246,"column":29},"end":{"line":246,"column":37}},"65":{"start":{"line":248,"column":4},"end":{"line":253,"column":5}},"66":{"start":{"line":249,"column":6},"end":{"line":252,"column":9}},"67":{"start":{"line":256,"column":4},"end":{"line":259,"column":6}},"68":{"start":{"line":262,"column":4},"end":{"line":268,"column":7}},"69":{"start":{"line":270,"column":4},"end":{"line":272,"column":7}},"70":{"start":{"line":274,"column":4},"end":{"line":274,"column":50}},"71":{"start":{"line":275,"column":4},"end":{"line":279,"column":7}},"72":{"start":{"line":286,"column":17},"end":{"line":325,"column":1}},"73":{"start":{"line":287,"column":2},"end":{"line":324,"column":3}},"74":{"start":{"line":289,"column":17},"end":{"line":289,"column":25}},"75":{"start":{"line":291,"column":4},"end":{"line":296,"column":5}},"76":{"start":{"line":292,"column":6},"end":{"line":295,"column":9}},"77":{"start":{"line":299,"column":21},"end":{"line":314,"column":5}},"78":{"start":{"line":316,"column":4},"end":{"line":316,"column":30}},"79":{"start":{"line":318,"column":4},"end":{"line":318,"column":67}},"80":{"start":{"line":319,"column":4},"end":{"line":323,"column":7}},"81":{"start":{"line":327,"column":0},"end":{"line":332,"column":2}}},"fnMap":{"0":{"name":"(anonymous_0)","decl":{"start":{"line":13,"column":23},"end":{"line":13,"column":24}},"loc":{"start":{"line":13,"column":61},"end":{"line":51,"column":1}},"line":13},"1":{"name":"(anonymous_1)","decl":{"start":{"line":56,"column":14},"end":{"line":56,"column":15}},"loc":{"start":{"line":56,"column":34},"end":{"line":152,"column":1}},"line":56},"2":{"name":"(anonymous_2)","decl":{"start":{"line":157,"column":21},"end":{"line":157,"column":22}},"loc":{"start":{"line":157,"column":41},"end":{"line":239,"column":1}},"line":157},"3":{"name":"(anonymous_3)","decl":{"start":{"line":244,"column":15},"end":{"line":244,"column":16}},"loc":{"start":{"line":244,"column":35},"end":{"line":281,"column":1}},"line":244},"4":{"name":"(anonymous_4)","decl":{"start":{"line":286,"column":17},"end":{"line":286,"column":18}},"loc":{"start":{"line":286,"column":37},"end":{"line":325,"column":1}},"line":286}},"branchMap":{"0":{"loc":{"start":{"line":28,"column":4},"end":{"line":28,"column":57}},"type":"binary-expr","locations":[{"start":{"line":28,"column":4},"end":{"line":28,"column":32}},{"start":{"line":28,"column":36},"end":{"line":28,"column":57}}],"line":28},"1":{"loc":{"start":{"line":72,"column":4},"end":{"line":77,"column":5}},"type":"if","locations":[{"start":{"line":72,"column":4},"end":{"line":77,"column":5}},{"start":{},"end":{}}],"line":72},"2":{"loc":{"start":{"line":80,"column":4},"end":{"line":85,"column":5}},"type":"if","locations":[{"start":{"line":80,"column":4},"end":{"line":85,"column":5}},{"start":{},"end":{}}],"line":80},"3":{"loc":{"start":{"line":89,"column":4},"end":{"line":94,"column":5}},"type":"if","locations":[{"start":{"line":89,"column":4},"end":{"line":94,"column":5}},{"start":{},"end":{}}],"line":89},"4":{"loc":{"start":{"line":97,"column":4},"end":{"line":104,"column":5}},"type":"if","locations":[{"start":{"line":97,"column":4},"end":{"line":104,"column":5}},{"start":{},"end":{}}],"line":97},"5":{"loc":{"start":{"line":97,"column":8},"end":{"line":97,"column":45}},"type":"binary-expr","locations":[{"start":{"line":97,"column":8},"end":{"line":97,"column":26}},{"start":{"line":97,"column":30},"end":{"line":97,"column":45}}],"line":97},"6":{"loc":{"start":{"line":98,"column":6},"end":{"line":103,"column":7}},"type":"if","locations":[{"start":{"line":98,"column":6},"end":{"line":103,"column":7}},{"start":{},"end":{}}],"line":98},"7":{"loc":{"start":{"line":113,"column":21},"end":{"line":113,"column":64}},"type":"cond-expr","locations":[{"start":{"line":113,"column":39},"end":{"line":113,"column":57}},{"start":{"line":113,"column":60},"end":{"line":113,"column":64}}],"line":113},"8":{"loc":{"start":{"line":114,"column":10},"end":{"line":114,"column":48}},"type":"binary-expr","locations":[{"start":{"line":114,"column":10},"end":{"line":114,"column":16}},{"start":{"line":114,"column":20},"end":{"line":114,"column":48}}],"line":114},"9":{"loc":{"start":{"line":120,"column":22},"end":{"line":120,"column":53}},"type":"binary-expr","locations":[{"start":{"line":120,"column":22},"end":{"line":120,"column":47}},{"start":{"line":120,"column":51},"end":{"line":120,"column":53}}],"line":120},"10":{"loc":{"start":{"line":121,"column":22},"end":{"line":121,"column":60}},"type":"binary-expr","locations":[{"start":{"line":121,"column":22},"end":{"line":121,"column":28}},{"start":{"line":121,"column":32},"end":{"line":121,"column":60}}],"line":121},"11":{"loc":{"start":{"line":131,"column":18},"end":{"line":135,"column":14}},"type":"cond-expr","locations":[{"start":{"line":131,"column":36},"end":{"line":135,"column":7}},{"start":{"line":135,"column":10},"end":{"line":135,"column":14}}],"line":131},"12":{"loc":{"start":{"line":161,"column":4},"end":{"line":166,"column":5}},"type":"if","locations":[{"start":{"line":161,"column":4},"end":{"line":166,"column":5}},{"start":{},"end":{}}],"line":161},"13":{"loc":{"start":{"line":176,"column":4},"end":{"line":181,"column":5}},"type":"if","locations":[{"start":{"line":176,"column":4},"end":{"line":181,"column":5}},{"start":{},"end":{}}],"line":176},"14":{"loc":{"start":{"line":184,"column":4},"end":{"line":190,"column":5}},"type":"if","locations":[{"start":{"line":184,"column":4},"end":{"line":190,"column":5}},{"start":{},"end":{}}],"line":184},"15":{"loc":{"start":{"line":202,"column":4},"end":{"line":208,"column":5}},"type":"if","locations":[{"start":{"line":202,"column":4},"end":{"line":208,"column":5}},{"start":{},"end":{}}],"line":202},"16":{"loc":{"start":{"line":202,"column":8},"end":{"line":202,"column":28}},"type":"binary-expr","locations":[{"start":{"line":202,"column":8},"end":{"line":202,"column":13}},{"start":{"line":202,"column":17},"end":{"line":202,"column":28}}],"line":202},"17":{"loc":{"start":{"line":211,"column":4},"end":{"line":219,"column":5}},"type":"if","locations":[{"start":{"line":211,"column":4},"end":{"line":219,"column":5}},{"start":{},"end":{}}],"line":211},"18":{"loc":{"start":{"line":211,"column":8},"end":{"line":211,"column":45}},"type":"binary-expr","locations":[{"start":{"line":211,"column":8},"end":{"line":211,"column":26}},{"start":{"line":211,"column":30},"end":{"line":211,"column":45}}],"line":211},"19":{"loc":{"start":{"line":212,"column":6},"end":{"line":218,"column":7}},"type":"if","locations":[{"start":{"line":212,"column":6},"end":{"line":218,"column":7}},{"start":{},"end":{}}],"line":212},"20":{"loc":{"start":{"line":225,"column":22},"end":{"line":225,"column":53}},"type":"binary-expr","locations":[{"start":{"line":225,"column":22},"end":{"line":225,"column":47}},{"start":{"line":225,"column":51},"end":{"line":225,"column":53}}],"line":225},"21":{"loc":{"start":{"line":226,"column":22},"end":{"line":226,"column":60}},"type":"binary-expr","locations":[{"start":{"line":226,"column":22},"end":{"line":226,"column":28}},{"start":{"line":226,"column":32},"end":{"line":226,"column":60}}],"line":226},"22":{"loc":{"start":{"line":248,"column":4},"end":{"line":253,"column":5}},"type":"if","locations":[{"start":{"line":248,"column":4},"end":{"line":253,"column":5}},{"start":{},"end":{}}],"line":248},"23":{"loc":{"start":{"line":265,"column":10},"end":{"line":265,"column":48}},"type":"binary-expr","locations":[{"start":{"line":265,"column":10},"end":{"line":265,"column":16}},{"start":{"line":265,"column":20},"end":{"line":265,"column":48}}],"line":265},"24":{"loc":{"start":{"line":291,"column":4},"end":{"line":296,"column":5}},"type":"if","locations":[{"start":{"line":291,"column":4},"end":{"line":296,"column":5}},{"start":{},"end":{}}],"line":291},"25":{"loc":{"start":{"line":307,"column":18},"end":{"line":311,"column":14}},"type":"cond-expr","locations":[{"start":{"line":307,"column":36},"end":{"line":311,"column":7}},{"start":{"line":311,"column":10},"end":{"line":311,"column":14}}],"line":307}},"s":{"0":0,"1":0,"2":0,"3":0,"4":0,"5":0,"6":0,"7":0,"8":0,"9":0,"10":0,"11":0,"12":0,"13":0,"14":0,"15":0,"16":0,"17":0,"18":0,"19":0,"20":0,"21":0,"22":0,"23":0,"24":0,"25":0,"26":0,"27":0,"28":0,"29":0,"30":0,"31":0,"32":0,"33":0,"34":0,"35":0,"36":0,"37":0,"38":0,"39":0,"40":0,"41":0,"42":0,"43":0,"44":0,"45":0,"46":0,"47":0,"48":0,"49":0,"50":0,"51":0,"52":0,"53":0,"54":0,"55":0,"56":0,"57":0,"58":0,"59":0,"60":0,"61":0,"62":0,"63":0,"64":0,"65":0,"66":0,"67":0,"68":0,"69":0,"70":0,"71":0,"72":0,"73":0,"74":0,"75":0,"76":0,"77":0,"78":0,"79":0,"80":0,"81":0},"f":{"0":0,"1":0,"2":0,"3":0,"4":0},"b":{"0":[0,0],"1":[0,0],"2":[0,0],"3":[0,0],"4":[0,0],"5":[0,0],"6":[0,0],"7":[0,0],"8":[0,0],"9":[0,0],"10":[0,0],"11":[0,0],"12":[0,0],"13":[0,0],"14":[0,0],"15":[0,0],"16":[0,0],"17":[0,0],"18":[0,0],"19":[0,0],"20":[0,0],"21":[0,0],"22":[0,0],"23":[0,0],"24":[0,0],"25":[0,0]}}
,"C:\\Users\\usuario\\Dropbox\\My PC (DESKTOP-R6SOP30)\\Documents\\2025\\sistemas modulares\\TFD\\TFD360\\backend\\controllers\\prefeitura.controller.js": {"path":"C:\\Users\\usuario\\Dropbox\\My PC (DESKTOP-R6SOP30)\\Documents\\2025\\sistemas modulares\\TFD\\TFD360\\backend\\controllers\\prefeitura.controller.js","statementMap":{"0":{"start":{"line":1,"column":29},"end":{"line":1,"column":49}},"1":{"start":{"line":2,"column":11},"end":{"line":2,"column":24}},"2":{"start":{"line":3,"column":13},"end":{"line":3,"column":28}},"3":{"start":{"line":9,"column":26},"end":{"line":74,"column":1}},"4":{"start":{"line":10,"column":2},"end":{"line":73,"column":3}},"5":{"start":{"line":12,"column":19},"end":{"line":12,"column":50}},"6":{"start":{"line":13,"column":19},"end":{"line":13,"column":51}},"7":{"start":{"line":14,"column":19},"end":{"line":14,"column":40}},"8":{"start":{"line":17,"column":20},"end":{"line":26,"column":5}},"9":{"start":{"line":29,"column":4},"end":{"line":34,"column":5}},"10":{"start":{"line":30,"column":6},"end":{"line":33,"column":8}},"11":{"start":{"line":36,"column":4},"end":{"line":45,"column":5}},"12":{"start":{"line":37,"column":6},"end":{"line":44,"column":8}},"13":{"start":{"line":48,"column":48},"end":{"line":48,"column":89}},"14":{"start":{"line":51,"column":32},"end":{"line":55,"column":6}},"15":{"start":{"line":52,"column":28},"end":{"line":52,"column":38}},"16":{"start":{"line":53,"column":6},"end":{"line":53,"column":40}},"17":{"start":{"line":54,"column":6},"end":{"line":54,"column":27}},"18":{"start":{"line":57,"column":4},"end":{"line":65,"column":7}},"19":{"start":{"line":67,"column":4},"end":{"line":67,"column":56}},"20":{"start":{"line":68,"column":4},"end":{"line":72,"column":7}},"21":{"start":{"line":79,"column":25},"end":{"line":115,"column":1}},"22":{"start":{"line":80,"column":2},"end":{"line":114,"column":3}},"23":{"start":{"line":81,"column":19},"end":{"line":81,"column":29}},"24":{"start":{"line":84,"column":4},"end":{"line":89,"column":5}},"25":{"start":{"line":85,"column":6},"end":{"line":88,"column":9}},"26":{"start":{"line":92,"column":23},"end":{"line":92,"column":52}},"27":{"start":{"line":95,"column":4},"end":{"line":100,"column":5}},"28":{"start":{"line":96,"column":6},"end":{"line":99,"column":9}},"29":{"start":{"line":103,"column":26},"end":{"line":103,"column":45}},"30":{"start":{"line":104,"column":4},"end":{"line":104,"column":47}},"31":{"start":{"line":106,"column":4},"end":{"line":106,"column":35}},"32":{"start":{"line":108,"column":4},"end":{"line":108,"column":55}},"33":{"start":{"line":109,"column":4},"end":{"line":113,"column":7}},"34":{"start":{"line":121,"column":24},"end":{"line":168,"column":1}},"35":{"start":{"line":122,"column":2},"end":{"line":167,"column":3}},"36":{"start":{"line":123,"column":28},"end":{"line":123,"column":36}},"37":{"start":{"line":126,"column":4},"end":{"line":128,"column":5}},"38":{"start":{"line":127,"column":6},"end":{"line":127,"column":67}},"39":{"start":{"line":131,"column":23},"end":{"line":131,"column":63}},"40":{"start":{"line":133,"column":4},"end":{"line":136,"column":7}},"41":{"start":{"line":138,"column":4},"end":{"line":138,"column":54}},"42":{"start":{"line":141,"column":4},"end":{"line":146,"column":5}},"43":{"start":{"line":142,"column":23},"end":{"line":142,"column":88}},"44":{"start":{"line":143,"column":6},"end":{"line":145,"column":9}},"45":{"start":{"line":144,"column":8},"end":{"line":144,"column":72}},"46":{"start":{"line":144,"column":17},"end":{"line":144,"column":72}},"47":{"start":{"line":149,"column":4},"end":{"line":160,"column":5}},"48":{"start":{"line":150,"column":20},"end":{"line":153,"column":9}},"49":{"start":{"line":150,"column":45},"end":{"line":153,"column":7}},"50":{"start":{"line":155,"column":6},"end":{"line":159,"column":9}},"51":{"start":{"line":162,"column":4},"end":{"line":166,"column":7}},"52":{"start":{"line":174,"column":28},"end":{"line":254,"column":1}},"53":{"start":{"line":175,"column":2},"end":{"line":253,"column":3}},"54":{"start":{"line":176,"column":19},"end":{"line":176,"column":29}},"55":{"start":{"line":177,"column":29},"end":{"line":177,"column":37}},"56":{"start":{"line":180,"column":4},"end":{"line":185,"column":5}},"57":{"start":{"line":181,"column":6},"end":{"line":184,"column":9}},"58":{"start":{"line":188,"column":23},"end":{"line":188,"column":52}},"59":{"start":{"line":191,"column":4},"end":{"line":196,"column":5}},"60":{"start":{"line":192,"column":6},"end":{"line":195,"column":9}},"61":{"start":{"line":199,"column":4},"end":{"line":211,"column":5}},"62":{"start":{"line":201,"column":6},"end":{"line":208,"column":7}},"63":{"start":{"line":202,"column":25},"end":{"line":202,"column":68}},"64":{"start":{"line":203,"column":8},"end":{"line":207,"column":11}},"65":{"start":{"line":204,"column":10},"end":{"line":206,"column":11}},"66":{"start":{"line":205,"column":12},"end":{"line":205,"column":65}},"67":{"start":{"line":210,"column":6},"end":{"line":210,"column":68}},"68":{"start":{"line":214,"column":4},"end":{"line":214,"column":46}},"69":{"start":{"line":217,"column":33},"end":{"line":217,"column":62}},"70":{"start":{"line":219,"column":4},"end":{"line":222,"column":7}},"71":{"start":{"line":224,"column":4},"end":{"line":224,"column":58}},"72":{"start":{"line":227,"column":4},"end":{"line":232,"column":5}},"73":{"start":{"line":228,"column":23},"end":{"line":228,"column":88}},"74":{"start":{"line":229,"column":6},"end":{"line":231,"column":9}},"75":{"start":{"line":230,"column":8},"end":{"line":230,"column":72}},"76":{"start":{"line":230,"column":17},"end":{"line":230,"column":72}},"77":{"start":{"line":235,"column":4},"end":{"line":246,"column":5}},"78":{"start":{"line":236,"column":20},"end":{"line":239,"column":9}},"79":{"start":{"line":236,"column":45},"end":{"line":239,"column":7}},"80":{"start":{"line":241,"column":6},"end":{"line":245,"column":9}},"81":{"start":{"line":248,"column":4},"end":{"line":252,"column":7}},"82":{"start":{"line":260,"column":32},"end":{"line":306,"column":1}},"83":{"start":{"line":261,"column":2},"end":{"line":305,"column":3}},"84":{"start":{"line":262,"column":19},"end":{"line":262,"column":29}},"85":{"start":{"line":263,"column":23},"end":{"line":263,"column":31}},"86":{"start":{"line":266,"column":4},"end":{"line":271,"column":5}},"87":{"start":{"line":267,"column":6},"end":{"line":270,"column":9}},"88":{"start":{"line":274,"column":4},"end":{"line":279,"column":5}},"89":{"start":{"line":275,"column":6},"end":{"line":278,"column":9}},"90":{"start":{"line":282,"column":23},"end":{"line":282,"column":52}},"91":{"start":{"line":285,"column":4},"end":{"line":290,"column":5}},"92":{"start":{"line":286,"column":6},"end":{"line":289,"column":9}},"93":{"start":{"line":293,"column":4},"end":{"line":293,"column":40}},"94":{"start":{"line":295,"column":4},"end":{"line":297,"column":7}},"95":{"start":{"line":299,"column":4},"end":{"line":299,"column":66}},"96":{"start":{"line":300,"column":4},"end":{"line":304,"column":7}},"97":{"start":{"line":313,"column":26},"end":{"line":372,"column":1}},"98":{"start":{"line":314,"column":2},"end":{"line":371,"column":3}},"99":{"start":{"line":315,"column":19},"end":{"line":315,"column":29}},"100":{"start":{"line":318,"column":4},"end":{"line":323,"column":5}},"101":{"start":{"line":319,"column":6},"end":{"line":322,"column":9}},"102":{"start":{"line":326,"column":23},"end":{"line":326,"column":52}},"103":{"start":{"line":329,"column":4},"end":{"line":334,"column":5}},"104":{"start":{"line":330,"column":6},"end":{"line":333,"column":9}},"105":{"start":{"line":337,"column":26},"end":{"line":339,"column":6}},"106":{"start":{"line":341,"column":4},"end":{"line":346,"column":5}},"107":{"start":{"line":342,"column":6},"end":{"line":345,"column":9}},"108":{"start":{"line":349,"column":4},"end":{"line":356,"column":5}},"109":{"start":{"line":350,"column":23},"end":{"line":350,"column":66}},"110":{"start":{"line":351,"column":6},"end":{"line":355,"column":9}},"111":{"start":{"line":352,"column":8},"end":{"line":354,"column":9}},"112":{"start":{"line":353,"column":10},"end":{"line":353,"column":54}},"113":{"start":{"line":359,"column":4},"end":{"line":359,"column":31}},"114":{"start":{"line":361,"column":4},"end":{"line":363,"column":7}},"115":{"start":{"line":365,"column":4},"end":{"line":365,"column":56}},"116":{"start":{"line":366,"column":4},"end":{"line":370,"column":7}},"117":{"start":{"line":378,"column":32},"end":{"line":425,"column":1}},"118":{"start":{"line":379,"column":2},"end":{"line":424,"column":3}},"119":{"start":{"line":381,"column":29},"end":{"line":381,"column":53}},"120":{"start":{"line":384,"column":25},"end":{"line":386,"column":6}},"121":{"start":{"line":389,"column":28},"end":{"line":396,"column":6}},"122":{"start":{"line":390,"column":6},"end":{"line":390,"column":36}},"123":{"start":{"line":391,"column":6},"end":{"line":391,"column":17}},"124":{"start":{"line":399,"column":23},"end":{"line":399,"column":33}},"125":{"start":{"line":400,"column":4},"end":{"line":400,"column":50}},"126":{"start":{"line":402,"column":27},"end":{"line":410,"column":6}},"127":{"start":{"line":412,"column":4},"end":{"line":416,"column":7}},"128":{"start":{"line":418,"column":4},"end":{"line":418,"column":73}},"129":{"start":{"line":419,"column":4},"end":{"line":423,"column":7}},"130":{"start":{"line":430,"column":22},"end":{"line":484,"column":1}},"131":{"start":{"line":431,"column":2},"end":{"line":483,"column":3}},"132":{"start":{"line":432,"column":20},"end":{"line":473,"column":5}},"133":{"start":{"line":475,"column":4},"end":{"line":475,"column":29}},"134":{"start":{"line":477,"column":4},"end":{"line":477,"column":52}},"135":{"start":{"line":478,"column":4},"end":{"line":482,"column":7}},"136":{"start":{"line":489,"column":25},"end":{"line":556,"column":1}},"137":{"start":{"line":490,"column":2},"end":{"line":555,"column":3}},"138":{"start":{"line":491,"column":19},"end":{"line":491,"column":29}},"139":{"start":{"line":492,"column":24},"end":{"line":492,"column":32}},"140":{"start":{"line":495,"column":4},"end":{"line":500,"column":5}},"141":{"start":{"line":496,"column":6},"end":{"line":499,"column":9}},"142":{"start":{"line":503,"column":4},"end":{"line":508,"column":5}},"143":{"start":{"line":504,"column":6},"end":{"line":507,"column":9}},"144":{"start":{"line":511,"column":27},"end":{"line":514,"column":5}},"145":{"start":{"line":517,"column":29},"end":{"line":517,"column":77}},"146":{"start":{"line":517,"column":49},"end":{"line":517,"column":76}},"147":{"start":{"line":518,"column":4},"end":{"line":523,"column":5}},"148":{"start":{"line":519,"column":6},"end":{"line":522,"column":9}},"149":{"start":{"line":526,"column":23},"end":{"line":526,"column":52}},"150":{"start":{"line":529,"column":4},"end":{"line":534,"column":5}},"151":{"start":{"line":530,"column":6},"end":{"line":533,"column":9}},"152":{"start":{"line":537,"column":4},"end":{"line":539,"column":5}},"153":{"start":{"line":538,"column":6},"end":{"line":538,"column":27}},"154":{"start":{"line":542,"column":4},"end":{"line":542,"column":57}},"155":{"start":{"line":544,"column":4},"end":{"line":547,"column":7}},"156":{"start":{"line":549,"column":4},"end":{"line":549,"column":69}},"157":{"start":{"line":550,"column":4},"end":{"line":554,"column":7}},"158":{"start":{"line":558,"column":0},"end":{"line":568,"column":2}}},"fnMap":{"0":{"name":"(anonymous_0)","decl":{"start":{"line":9,"column":26},"end":{"line":9,"column":27}},"loc":{"start":{"line":9,"column":46},"end":{"line":74,"column":1}},"line":9},"1":{"name":"(anonymous_1)","decl":{"start":{"line":51,"column":48},"end":{"line":51,"column":49}},"loc":{"start":{"line":51,"column":53},"end":{"line":55,"column":5}},"line":51},"2":{"name":"(anonymous_2)","decl":{"start":{"line":79,"column":25},"end":{"line":79,"column":26}},"loc":{"start":{"line":79,"column":45},"end":{"line":115,"column":1}},"line":79},"3":{"name":"(anonymous_3)","decl":{"start":{"line":121,"column":24},"end":{"line":121,"column":25}},"loc":{"start":{"line":121,"column":44},"end":{"line":168,"column":1}},"line":121},"4":{"name":"(anonymous_4)","decl":{"start":{"line":143,"column":26},"end":{"line":143,"column":27}},"loc":{"start":{"line":143,"column":35},"end":{"line":145,"column":7}},"line":143},"5":{"name":"(anonymous_5)","decl":{"start":{"line":150,"column":37},"end":{"line":150,"column":38}},"loc":{"start":{"line":150,"column":45},"end":{"line":153,"column":7}},"line":150},"6":{"name":"(anonymous_6)","decl":{"start":{"line":174,"column":28},"end":{"line":174,"column":29}},"loc":{"start":{"line":174,"column":48},"end":{"line":254,"column":1}},"line":174},"7":{"name":"(anonymous_7)","decl":{"start":{"line":203,"column":28},"end":{"line":203,"column":29}},"loc":{"start":{"line":203,"column":37},"end":{"line":207,"column":9}},"line":203},"8":{"name":"(anonymous_8)","decl":{"start":{"line":229,"column":26},"end":{"line":229,"column":27}},"loc":{"start":{"line":229,"column":35},"end":{"line":231,"column":7}},"line":229},"9":{"name":"(anonymous_9)","decl":{"start":{"line":236,"column":37},"end":{"line":236,"column":38}},"loc":{"start":{"line":236,"column":45},"end":{"line":239,"column":7}},"line":236},"10":{"name":"(anonymous_10)","decl":{"start":{"line":260,"column":32},"end":{"line":260,"column":33}},"loc":{"start":{"line":260,"column":52},"end":{"line":306,"column":1}},"line":260},"11":{"name":"(anonymous_11)","decl":{"start":{"line":313,"column":26},"end":{"line":313,"column":27}},"loc":{"start":{"line":313,"column":46},"end":{"line":372,"column":1}},"line":313},"12":{"name":"(anonymous_12)","decl":{"start":{"line":351,"column":26},"end":{"line":351,"column":27}},"loc":{"start":{"line":351,"column":35},"end":{"line":355,"column":7}},"line":351},"13":{"name":"(anonymous_13)","decl":{"start":{"line":378,"column":32},"end":{"line":378,"column":33}},"loc":{"start":{"line":378,"column":52},"end":{"line":425,"column":1}},"line":378},"14":{"name":"(anonymous_14)","decl":{"start":{"line":389,"column":48},"end":{"line":389,"column":49}},"loc":{"start":{"line":389,"column":63},"end":{"line":392,"column":5}},"line":389},"15":{"name":"(anonymous_15)","decl":{"start":{"line":430,"column":22},"end":{"line":430,"column":23}},"loc":{"start":{"line":430,"column":42},"end":{"line":484,"column":1}},"line":430},"16":{"name":"(anonymous_16)","decl":{"start":{"line":489,"column":25},"end":{"line":489,"column":26}},"loc":{"start":{"line":489,"column":45},"end":{"line":556,"column":1}},"line":489},"17":{"name":"(anonymous_17)","decl":{"start":{"line":517,"column":44},"end":{"line":517,"column":45}},"loc":{"start":{"line":517,"column":49},"end":{"line":517,"column":76}},"line":517}},"branchMap":{"0":{"loc":{"start":{"line":12,"column":19},"end":{"line":12,"column":50}},"type":"binary-expr","locations":[{"start":{"line":12,"column":19},"end":{"line":12,"column":45}},{"start":{"line":12,"column":49},"end":{"line":12,"column":50}}],"line":12},"1":{"loc":{"start":{"line":13,"column":19},"end":{"line":13,"column":51}},"type":"binary-expr","locations":[{"start":{"line":13,"column":19},"end":{"line":13,"column":45}},{"start":{"line":13,"column":49},"end":{"line":13,"column":51}}],"line":13},"2":{"loc":{"start":{"line":29,"column":4},"end":{"line":34,"column":5}},"type":"if","locations":[{"start":{"line":29,"column":4},"end":{"line":34,"column":5}},{"start":{},"end":{}}],"line":29},"3":{"loc":{"start":{"line":36,"column":4},"end":{"line":45,"column":5}},"type":"if","locations":[{"start":{"line":36,"column":4},"end":{"line":45,"column":5}},{"start":{},"end":{}}],"line":36},"4":{"loc":{"start":{"line":84,"column":4},"end":{"line":89,"column":5}},"type":"if","locations":[{"start":{"line":84,"column":4},"end":{"line":89,"column":5}},{"start":{},"end":{}}],"line":84},"5":{"loc":{"start":{"line":95,"column":4},"end":{"line":100,"column":5}},"type":"if","locations":[{"start":{"line":95,"column":4},"end":{"line":100,"column":5}},{"start":{},"end":{}}],"line":95},"6":{"loc":{"start":{"line":126,"column":4},"end":{"line":128,"column":5}},"type":"if","locations":[{"start":{"line":126,"column":4},"end":{"line":128,"column":5}},{"start":{},"end":{}}],"line":126},"7":{"loc":{"start":{"line":141,"column":4},"end":{"line":146,"column":5}},"type":"if","locations":[{"start":{"line":141,"column":4},"end":{"line":146,"column":5}},{"start":{},"end":{}}],"line":141},"8":{"loc":{"start":{"line":144,"column":8},"end":{"line":144,"column":72}},"type":"if","locations":[{"start":{"line":144,"column":8},"end":{"line":144,"column":72}},{"start":{},"end":{}}],"line":144},"9":{"loc":{"start":{"line":149,"column":4},"end":{"line":160,"column":5}},"type":"if","locations":[{"start":{"line":149,"column":4},"end":{"line":160,"column":5}},{"start":{},"end":{}}],"line":149},"10":{"loc":{"start":{"line":149,"column":8},"end":{"line":149,"column":100}},"type":"binary-expr","locations":[{"start":{"line":149,"column":8},"end":{"line":149,"column":49}},{"start":{"line":149,"column":53},"end":{"line":149,"column":100}}],"line":149},"11":{"loc":{"start":{"line":180,"column":4},"end":{"line":185,"column":5}},"type":"if","locations":[{"start":{"line":180,"column":4},"end":{"line":185,"column":5}},{"start":{},"end":{}}],"line":180},"12":{"loc":{"start":{"line":191,"column":4},"end":{"line":196,"column":5}},"type":"if","locations":[{"start":{"line":191,"column":4},"end":{"line":196,"column":5}},{"start":{},"end":{}}],"line":191},"13":{"loc":{"start":{"line":199,"column":4},"end":{"line":211,"column":5}},"type":"if","locations":[{"start":{"line":199,"column":4},"end":{"line":211,"column":5}},{"start":{},"end":{}}],"line":199},"14":{"loc":{"start":{"line":201,"column":6},"end":{"line":208,"column":7}},"type":"if","locations":[{"start":{"line":201,"column":6},"end":{"line":208,"column":7}},{"start":{},"end":{}}],"line":201},"15":{"loc":{"start":{"line":204,"column":10},"end":{"line":206,"column":11}},"type":"if","locations":[{"start":{"line":204,"column":10},"end":{"line":206,"column":11}},{"start":{},"end":{}}],"line":204},"16":{"loc":{"start":{"line":204,"column":14},"end":{"line":204,"column":42}},"type":"binary-expr","locations":[{"start":{"line":204,"column":14},"end":{"line":204,"column":17}},{"start":{"line":204,"column":21},"end":{"line":204,"column":42}}],"line":204},"17":{"loc":{"start":{"line":227,"column":4},"end":{"line":232,"column":5}},"type":"if","locations":[{"start":{"line":227,"column":4},"end":{"line":232,"column":5}},{"start":{},"end":{}}],"line":227},"18":{"loc":{"start":{"line":230,"column":8},"end":{"line":230,"column":72}},"type":"if","locations":[{"start":{"line":230,"column":8},"end":{"line":230,"column":72}},{"start":{},"end":{}}],"line":230},"19":{"loc":{"start":{"line":235,"column":4},"end":{"line":246,"column":5}},"type":"if","locations":[{"start":{"line":235,"column":4},"end":{"line":246,"column":5}},{"start":{},"end":{}}],"line":235},"20":{"loc":{"start":{"line":235,"column":8},"end":{"line":235,"column":100}},"type":"binary-expr","locations":[{"start":{"line":235,"column":8},"end":{"line":235,"column":49}},{"start":{"line":235,"column":53},"end":{"line":235,"column":100}}],"line":235},"21":{"loc":{"start":{"line":266,"column":4},"end":{"line":271,"column":5}},"type":"if","locations":[{"start":{"line":266,"column":4},"end":{"line":271,"column":5}},{"start":{},"end":{}}],"line":266},"22":{"loc":{"start":{"line":274,"column":4},"end":{"line":279,"column":5}},"type":"if","locations":[{"start":{"line":274,"column":4},"end":{"line":279,"column":5}},{"start":{},"end":{}}],"line":274},"23":{"loc":{"start":{"line":285,"column":4},"end":{"line":290,"column":5}},"type":"if","locations":[{"start":{"line":285,"column":4},"end":{"line":290,"column":5}},{"start":{},"end":{}}],"line":285},"24":{"loc":{"start":{"line":318,"column":4},"end":{"line":323,"column":5}},"type":"if","locations":[{"start":{"line":318,"column":4},"end":{"line":323,"column":5}},{"start":{},"end":{}}],"line":318},"25":{"loc":{"start":{"line":329,"column":4},"end":{"line":334,"column":5}},"type":"if","locations":[{"start":{"line":329,"column":4},"end":{"line":334,"column":5}},{"start":{},"end":{}}],"line":329},"26":{"loc":{"start":{"line":341,"column":4},"end":{"line":346,"column":5}},"type":"if","locations":[{"start":{"line":341,"column":4},"end":{"line":346,"column":5}},{"start":{},"end":{}}],"line":341},"27":{"loc":{"start":{"line":349,"column":4},"end":{"line":356,"column":5}},"type":"if","locations":[{"start":{"line":349,"column":4},"end":{"line":356,"column":5}},{"start":{},"end":{}}],"line":349},"28":{"loc":{"start":{"line":352,"column":8},"end":{"line":354,"column":9}},"type":"if","locations":[{"start":{"line":352,"column":8},"end":{"line":354,"column":9}},{"start":{},"end":{}}],"line":352},"29":{"loc":{"start":{"line":352,"column":12},"end":{"line":352,"column":40}},"type":"binary-expr","locations":[{"start":{"line":352,"column":12},"end":{"line":352,"column":15}},{"start":{"line":352,"column":19},"end":{"line":352,"column":40}}],"line":352},"30":{"loc":{"start":{"line":495,"column":4},"end":{"line":500,"column":5}},"type":"if","locations":[{"start":{"line":495,"column":4},"end":{"line":500,"column":5}},{"start":{},"end":{}}],"line":495},"31":{"loc":{"start":{"line":503,"column":4},"end":{"line":508,"column":5}},"type":"if","locations":[{"start":{"line":503,"column":4},"end":{"line":508,"column":5}},{"start":{},"end":{}}],"line":503},"32":{"loc":{"start":{"line":503,"column":8},"end":{"line":503,"column":43}},"type":"binary-expr","locations":[{"start":{"line":503,"column":8},"end":{"line":503,"column":16}},{"start":{"line":503,"column":20},"end":{"line":503,"column":43}}],"line":503},"33":{"loc":{"start":{"line":518,"column":4},"end":{"line":523,"column":5}},"type":"if","locations":[{"start":{"line":518,"column":4},"end":{"line":523,"column":5}},{"start":{},"end":{}}],"line":518},"34":{"loc":{"start":{"line":529,"column":4},"end":{"line":534,"column":5}},"type":"if","locations":[{"start":{"line":529,"column":4},"end":{"line":534,"column":5}},{"start":{},"end":{}}],"line":529},"35":{"loc":{"start":{"line":537,"column":4},"end":{"line":539,"column":5}},"type":"if","locations":[{"start":{"line":537,"column":4},"end":{"line":539,"column":5}},{"start":{},"end":{}}],"line":537}},"s":{"0":0,"1":0,"2":0,"3":0,"4":0,"5":0,"6":0,"7":0,"8":0,"9":0,"10":0,"11":0,"12":0,"13":0,"14":0,"15":0,"16":0,"17":0,"18":0,"19":0,"20":0,"21":0,"22":0,"23":0,"24":0,"25":0,"26":0,"27":0,"28":0,"29":0,"30":0,"31":0,"32":0,"33":0,"34":0,"35":0,"36":0,"37":0,"38":0,"39":0,"40":0,"41":0,"42":0,"43":0,"44":0,"45":0,"46":0,"47":0,"48":0,"49":0,"50":0,"51":0,"52":0,"53":0,"54":0,"55":0,"56":0,"57":0,"58":0,"59":0,"60":0,"61":0,"62":0,"63":0,"64":0,"65":0,"66":0,"67":0,"68":0,"69":0,"70":0,"71":0,"72":0,"73":0,"74":0,"75":0,"76":0,"77":0,"78":0,"79":0,"80":0,"81":0,"82":0,"83":0,"84":0,"85":0,"86":0,"87":0,"88":0,"89":0,"90":0,"91":0,"92":0,"93":0,"94":0,"95":0,"96":0,"97":0,"98":0,"99":0,"100":0,"101":0,"102":0,"103":0,"104":0,"105":0,"106":0,"107":0,"108":0,"109":0,"110":0,"111":0,"112":0,"113":0,"114":0,"115":0,"116":0,"117":0,"118":0,"119":0,"120":0,"121":0,"122":0,"123":0,"124":0,"125":0,"126":0,"127":0,"128":0,"129":0,"130":0,"131":0,"132":0,"133":0,"134":0,"135":0,"136":0,"137":0,"138":0,"139":0,"140":0,"141":0,"142":0,"143":0,"144":0,"145":0,"146":0,"147":0,"148":0,"149":0,"150":0,"151":0,"152":0,"153":0,"154":0,"155":0,"156":0,"157":0,"158":0},"f":{"0":0,"1":0,"2":0,"3":0,"4":0,"5":0,"6":0,"7":0,"8":0,"9":0,"10":0,"11":0,"12":0,"13":0,"14":0,"15":0,"16":0,"17":0},"b":{"0":[0,0],"1":[0,0],"2":[0,0],"3":[0,0],"4":[0,0],"5":[0,0],"6":[0,0],"7":[0,0],"8":[0,0],"9":[0,0],"10":[0,0],"11":[0,0],"12":[0,0],"13":[0,0],"14":[0,0],"15":[0,0],"16":[0,0],"17":[0,0],"18":[0,0],"19":[0,0],"20":[0,0],"21":[0,0],"22":[0,0],"23":[0,0],"24":[0,0],"25":[0,0],"26":[0,0],"27":[0,0],"28":[0,0],"29":[0,0],"30":[0,0],"31":[0,0],"32":[0,0],"33":[0,0],"34":[0,0],"35":[0,0]}}
,"C:\\Users\\usuario\\Dropbox\\My PC (DESKTOP-R6SOP30)\\Documents\\2025\\sistemas modulares\\TFD\\TFD360\\backend\\controllers\\relatorio.controller.js": {"path":"C:\\Users\\usuario\\Dropbox\\My PC (DESKTOP-R6SOP30)\\Documents\\2025\\sistemas modulares\\TFD\\TFD360\\backend\\controllers\\relatorio.controller.js","statementMap":{"0":{"start":{"line":1,"column":19},"end":{"line":1,"column":56}},"1":{"start":{"line":2,"column":13},"end":{"line":2,"column":44}},"2":{"start":{"line":3,"column":18},"end":{"line":3,"column":54}},"3":{"start":{"line":4,"column":23},"end":{"line":4,"column":65}},"4":{"start":{"line":5,"column":20},"end":{"line":5,"column":37}},"5":{"start":{"line":6,"column":25},"end":{"line":6,"column":65}},"6":{"start":{"line":7,"column":11},"end":{"line":7,"column":24}},"7":{"start":{"line":8,"column":13},"end":{"line":8,"column":28}},"8":{"start":{"line":9,"column":19},"end":{"line":9,"column":38}},"9":{"start":{"line":10,"column":17},"end":{"line":10,"column":43}},"10":{"start":{"line":15,"column":0},"end":{"line":222,"column":2}},"11":{"start":{"line":16,"column":2},"end":{"line":221,"column":3}},"12":{"start":{"line":17,"column":80},"end":{"line":17,"column":89}},"13":{"start":{"line":18,"column":19},"end":{"line":18,"column":29}},"14":{"start":{"line":19,"column":21},"end":{"line":19,"column":33}},"15":{"start":{"line":22,"column":4},"end":{"line":24,"column":5}},"16":{"start":{"line":23,"column":6},"end":{"line":23,"column":99}},"17":{"start":{"line":27,"column":20},"end":{"line":27,"column":22}},"18":{"start":{"line":30,"column":4},"end":{"line":34,"column":5}},"19":{"start":{"line":31,"column":6},"end":{"line":31,"column":51}},"20":{"start":{"line":32,"column":11},"end":{"line":34,"column":5}},"21":{"start":{"line":33,"column":6},"end":{"line":33,"column":43}},"22":{"start":{"line":37,"column":4},"end":{"line":39,"column":5}},"23":{"start":{"line":38,"column":6},"end":{"line":38,"column":40}},"24":{"start":{"line":42,"column":4},"end":{"line":52,"column":5}},"25":{"start":{"line":43,"column":6},"end":{"line":43,"column":30}},"26":{"start":{"line":44,"column":6},"end":{"line":46,"column":7}},"27":{"start":{"line":45,"column":8},"end":{"line":45,"column":55}},"28":{"start":{"line":47,"column":6},"end":{"line":51,"column":7}},"29":{"start":{"line":48,"column":27},"end":{"line":48,"column":44}},"30":{"start":{"line":49,"column":8},"end":{"line":49,"column":45}},"31":{"start":{"line":50,"column":8},"end":{"line":50,"column":45}},"32":{"start":{"line":55,"column":21},"end":{"line":58,"column":38}},"33":{"start":{"line":61,"column":25},"end":{"line":61,"column":47}},"34":{"start":{"line":62,"column":4},"end":{"line":67,"column":5}},"35":{"start":{"line":63,"column":25},"end":{"line":63,"column":73}},"36":{"start":{"line":64,"column":6},"end":{"line":66,"column":7}},"37":{"start":{"line":65,"column":8},"end":{"line":65,"column":41}},"38":{"start":{"line":70,"column":19},"end":{"line":70,"column":53}},"39":{"start":{"line":71,"column":22},"end":{"line":71,"column":53}},"40":{"start":{"line":72,"column":20},"end":{"line":72,"column":163}},"41":{"start":{"line":73,"column":24},"end":{"line":73,"column":104}},"42":{"start":{"line":76,"column":4},"end":{"line":217,"column":5}},"43":{"start":{"line":78,"column":25},"end":{"line":86,"column":9}},"44":{"start":{"line":78,"column":50},"end":{"line":86,"column":7}},"45":{"start":{"line":89,"column":22},"end":{"line":97,"column":7}},"46":{"start":{"line":100,"column":21},"end":{"line":104,"column":8}},"47":{"start":{"line":107,"column":6},"end":{"line":107,"column":105}},"48":{"start":{"line":108,"column":6},"end":{"line":108,"column":127}},"49":{"start":{"line":109,"column":6},"end":{"line":109,"column":30}},"50":{"start":{"line":111,"column":9},"end":{"line":217,"column":5}},"51":{"start":{"line":113,"column":23},"end":{"line":121,"column":9}},"52":{"start":{"line":113,"column":48},"end":{"line":121,"column":7}},"53":{"start":{"line":124,"column":22},"end":{"line":132,"column":7}},"54":{"start":{"line":135,"column":21},"end":{"line":138,"column":8}},"55":{"start":{"line":141,"column":6},"end":{"line":141,"column":63}},"56":{"start":{"line":142,"column":6},"end":{"line":142,"column":126}},"57":{"start":{"line":143,"column":6},"end":{"line":143,"column":30}},"58":{"start":{"line":148,"column":18},"end":{"line":148,"column":49}},"59":{"start":{"line":151,"column":6},"end":{"line":151,"column":55}},"60":{"start":{"line":152,"column":6},"end":{"line":152,"column":126}},"61":{"start":{"line":155,"column":6},"end":{"line":155,"column":20}},"62":{"start":{"line":158,"column":6},"end":{"line":158,"column":57}},"63":{"start":{"line":159,"column":6},"end":{"line":159,"column":21}},"64":{"start":{"line":160,"column":6},"end":{"line":160,"column":60}},"65":{"start":{"line":161,"column":6},"end":{"line":161,"column":58}},"66":{"start":{"line":162,"column":6},"end":{"line":162,"column":62}},"67":{"start":{"line":164,"column":6},"end":{"line":166,"column":7}},"68":{"start":{"line":165,"column":8},"end":{"line":165,"column":73}},"69":{"start":{"line":168,"column":6},"end":{"line":168,"column":21}},"70":{"start":{"line":169,"column":6},"end":{"line":169,"column":81}},"71":{"start":{"line":170,"column":6},"end":{"line":170,"column":22}},"72":{"start":{"line":173,"column":23},"end":{"line":173,"column":26}},"73":{"start":{"line":174,"column":24},"end":{"line":174,"column":26}},"74":{"start":{"line":175,"column":24},"end":{"line":175,"column":43}},"75":{"start":{"line":178,"column":6},"end":{"line":178,"column":33}},"76":{"start":{"line":179,"column":6},"end":{"line":179,"column":44}},"77":{"start":{"line":180,"column":6},"end":{"line":180,"column":61}},"78":{"start":{"line":181,"column":6},"end":{"line":181,"column":75}},"79":{"start":{"line":182,"column":6},"end":{"line":182,"column":95}},"80":{"start":{"line":183,"column":6},"end":{"line":183,"column":21}},"81":{"start":{"line":186,"column":14},"end":{"line":186,"column":27}},"82":{"start":{"line":187,"column":6},"end":{"line":187,"column":28}},"83":{"start":{"line":189,"column":6},"end":{"line":213,"column":9}},"84":{"start":{"line":191,"column":8},"end":{"line":205,"column":9}},"85":{"start":{"line":192,"column":10},"end":{"line":192,"column":24}},"86":{"start":{"line":193,"column":10},"end":{"line":193,"column":17}},"87":{"start":{"line":196,"column":10},"end":{"line":196,"column":37}},"88":{"start":{"line":197,"column":10},"end":{"line":197,"column":41}},"89":{"start":{"line":198,"column":10},"end":{"line":198,"column":58}},"90":{"start":{"line":199,"column":10},"end":{"line":199,"column":72}},"91":{"start":{"line":200,"column":10},"end":{"line":200,"column":92}},"92":{"start":{"line":201,"column":10},"end":{"line":201,"column":25}},"93":{"start":{"line":203,"column":10},"end":{"line":203,"column":32}},"94":{"start":{"line":204,"column":10},"end":{"line":204,"column":18}},"95":{"start":{"line":207,"column":8},"end":{"line":207,"column":93}},"96":{"start":{"line":208,"column":8},"end":{"line":208,"column":115}},"97":{"start":{"line":209,"column":8},"end":{"line":209,"column":124}},"98":{"start":{"line":210,"column":8},"end":{"line":210,"column":150}},"99":{"start":{"line":212,"column":8},"end":{"line":212,"column":16}},"100":{"start":{"line":216,"column":6},"end":{"line":216,"column":16}},"101":{"start":{"line":219,"column":4},"end":{"line":219,"column":65}},"102":{"start":{"line":220,"column":4},"end":{"line":220,"column":77}},"103":{"start":{"line":227,"column":0},"end":{"line":373,"column":2}},"104":{"start":{"line":228,"column":2},"end":{"line":372,"column":3}},"105":{"start":{"line":229,"column":44},"end":{"line":229,"column":53}},"106":{"start":{"line":230,"column":19},"end":{"line":230,"column":29}},"107":{"start":{"line":231,"column":21},"end":{"line":231,"column":33}},"108":{"start":{"line":234,"column":4},"end":{"line":236,"column":5}},"109":{"start":{"line":235,"column":6},"end":{"line":235,"column":99}},"110":{"start":{"line":239,"column":4},"end":{"line":241,"column":5}},"111":{"start":{"line":240,"column":6},"end":{"line":240,"column":95}},"112":{"start":{"line":244,"column":20},"end":{"line":244,"column":22}},"113":{"start":{"line":247,"column":4},"end":{"line":249,"column":5}},"114":{"start":{"line":248,"column":6},"end":{"line":248,"column":30}},"115":{"start":{"line":252,"column":4},"end":{"line":262,"column":5}},"116":{"start":{"line":253,"column":6},"end":{"line":253,"column":30}},"117":{"start":{"line":254,"column":6},"end":{"line":256,"column":7}},"118":{"start":{"line":255,"column":8},"end":{"line":255,"column":55}},"119":{"start":{"line":257,"column":6},"end":{"line":261,"column":7}},"120":{"start":{"line":258,"column":27},"end":{"line":258,"column":44}},"121":{"start":{"line":259,"column":8},"end":{"line":259,"column":45}},"122":{"start":{"line":260,"column":8},"end":{"line":260,"column":45}},"123":{"start":{"line":265,"column":24},"end":{"line":265,"column":72}},"124":{"start":{"line":268,"column":17},"end":{"line":268,"column":27}},"125":{"start":{"line":269,"column":33},"end":{"line":273,"column":5}},"126":{"start":{"line":270,"column":37},"end":{"line":270,"column":57}},"127":{"start":{"line":271,"column":40},"end":{"line":271,"column":63}},"128":{"start":{"line":275,"column":37},"end":{"line":284,"column":5}},"129":{"start":{"line":276,"column":40},"end":{"line":276,"column":71}},"130":{"start":{"line":278,"column":8},"end":{"line":281,"column":9}},"131":{"start":{"line":279,"column":32},"end":{"line":279,"column":100}},"132":{"start":{"line":280,"column":10},"end":{"line":280,"column":37}},"133":{"start":{"line":282,"column":8},"end":{"line":282,"column":21}},"134":{"start":{"line":287,"column":16},"end":{"line":287,"column":47}},"135":{"start":{"line":290,"column":4},"end":{"line":290,"column":53}},"136":{"start":{"line":291,"column":4},"end":{"line":291,"column":127}},"137":{"start":{"line":294,"column":4},"end":{"line":294,"column":18}},"138":{"start":{"line":297,"column":4},"end":{"line":297,"column":87}},"139":{"start":{"line":298,"column":4},"end":{"line":298,"column":19}},"140":{"start":{"line":299,"column":4},"end":{"line":299,"column":230}},"141":{"start":{"line":300,"column":4},"end":{"line":300,"column":124}},"142":{"start":{"line":302,"column":4},"end":{"line":304,"column":5}},"143":{"start":{"line":303,"column":6},"end":{"line":303,"column":57}},"144":{"start":{"line":306,"column":4},"end":{"line":306,"column":19}},"145":{"start":{"line":309,"column":4},"end":{"line":309,"column":57}},"146":{"start":{"line":310,"column":4},"end":{"line":310,"column":19}},"147":{"start":{"line":311,"column":4},"end":{"line":311,"column":81}},"148":{"start":{"line":312,"column":4},"end":{"line":312,"column":66}},"149":{"start":{"line":313,"column":4},"end":{"line":313,"column":72}},"150":{"start":{"line":314,"column":4},"end":{"line":314,"column":87}},"151":{"start":{"line":315,"column":4},"end":{"line":315,"column":106}},"152":{"start":{"line":317,"column":4},"end":{"line":317,"column":20}},"153":{"start":{"line":320,"column":21},"end":{"line":320,"column":24}},"154":{"start":{"line":321,"column":22},"end":{"line":321,"column":24}},"155":{"start":{"line":322,"column":22},"end":{"line":322,"column":42}},"156":{"start":{"line":325,"column":4},"end":{"line":325,"column":31}},"157":{"start":{"line":326,"column":4},"end":{"line":326,"column":42}},"158":{"start":{"line":327,"column":4},"end":{"line":327,"column":62}},"159":{"start":{"line":328,"column":4},"end":{"line":328,"column":78}},"160":{"start":{"line":329,"column":4},"end":{"line":329,"column":89}},"161":{"start":{"line":330,"column":4},"end":{"line":330,"column":19}},"162":{"start":{"line":333,"column":12},"end":{"line":333,"column":25}},"163":{"start":{"line":334,"column":4},"end":{"line":334,"column":26}},"164":{"start":{"line":336,"column":4},"end":{"line":365,"column":7}},"165":{"start":{"line":338,"column":6},"end":{"line":352,"column":7}},"166":{"start":{"line":339,"column":8},"end":{"line":339,"column":22}},"167":{"start":{"line":340,"column":8},"end":{"line":340,"column":15}},"168":{"start":{"line":343,"column":8},"end":{"line":343,"column":35}},"169":{"start":{"line":344,"column":8},"end":{"line":344,"column":39}},"170":{"start":{"line":345,"column":8},"end":{"line":345,"column":59}},"171":{"start":{"line":346,"column":8},"end":{"line":346,"column":75}},"172":{"start":{"line":347,"column":8},"end":{"line":347,"column":86}},"173":{"start":{"line":348,"column":8},"end":{"line":348,"column":23}},"174":{"start":{"line":350,"column":8},"end":{"line":350,"column":30}},"175":{"start":{"line":351,"column":8},"end":{"line":351,"column":16}},"176":{"start":{"line":354,"column":26},"end":{"line":354,"column":83}},"177":{"start":{"line":355,"column":27},"end":{"line":357,"column":11}},"178":{"start":{"line":359,"column":6},"end":{"line":359,"column":94}},"179":{"start":{"line":360,"column":6},"end":{"line":360,"column":98}},"180":{"start":{"line":361,"column":6},"end":{"line":361,"column":114}},"181":{"start":{"line":362,"column":6},"end":{"line":362,"column":141}},"182":{"start":{"line":364,"column":6},"end":{"line":364,"column":14}},"183":{"start":{"line":368,"column":4},"end":{"line":368,"column":14}},"184":{"start":{"line":370,"column":4},"end":{"line":370,"column":68}},"185":{"start":{"line":371,"column":4},"end":{"line":371,"column":80}},"186":{"start":{"line":378,"column":0},"end":{"line":502,"column":2}},"187":{"start":{"line":379,"column":2},"end":{"line":501,"column":3}},"188":{"start":{"line":380,"column":50},"end":{"line":380,"column":59}},"189":{"start":{"line":381,"column":19},"end":{"line":381,"column":29}},"190":{"start":{"line":382,"column":21},"end":{"line":382,"column":33}},"191":{"start":{"line":385,"column":4},"end":{"line":387,"column":5}},"192":{"start":{"line":386,"column":6},"end":{"line":386,"column":99}},"193":{"start":{"line":390,"column":20},"end":{"line":390,"column":22}},"194":{"start":{"line":393,"column":4},"end":{"line":397,"column":5}},"195":{"start":{"line":394,"column":6},"end":{"line":394,"column":51}},"196":{"start":{"line":395,"column":11},"end":{"line":397,"column":5}},"197":{"start":{"line":396,"column":6},"end":{"line":396,"column":43}},"198":{"start":{"line":400,"column":4},"end":{"line":410,"column":5}},"199":{"start":{"line":401,"column":6},"end":{"line":401,"column":31}},"200":{"start":{"line":402,"column":6},"end":{"line":404,"column":7}},"201":{"start":{"line":403,"column":8},"end":{"line":403,"column":56}},"202":{"start":{"line":405,"column":6},"end":{"line":409,"column":7}},"203":{"start":{"line":406,"column":27},"end":{"line":406,"column":44}},"204":{"start":{"line":407,"column":8},"end":{"line":407,"column":45}},"205":{"start":{"line":408,"column":8},"end":{"line":408,"column":46}},"206":{"start":{"line":413,"column":17},"end":{"line":416,"column":32}},"207":{"start":{"line":419,"column":25},"end":{"line":419,"column":47}},"208":{"start":{"line":420,"column":4},"end":{"line":425,"column":5}},"209":{"start":{"line":421,"column":25},"end":{"line":421,"column":73}},"210":{"start":{"line":422,"column":6},"end":{"line":424,"column":7}},"211":{"start":{"line":423,"column":8},"end":{"line":423,"column":41}},"212":{"start":{"line":428,"column":16},"end":{"line":428,"column":47}},"213":{"start":{"line":431,"column":4},"end":{"line":431,"column":53}},"214":{"start":{"line":432,"column":4},"end":{"line":432,"column":120}},"215":{"start":{"line":435,"column":4},"end":{"line":435,"column":18}},"216":{"start":{"line":438,"column":4},"end":{"line":438,"column":78}},"217":{"start":{"line":439,"column":4},"end":{"line":439,"column":19}},"218":{"start":{"line":440,"column":4},"end":{"line":440,"column":80}},"219":{"start":{"line":441,"column":4},"end":{"line":441,"column":230}},"220":{"start":{"line":442,"column":4},"end":{"line":442,"column":124}},"221":{"start":{"line":444,"column":4},"end":{"line":444,"column":19}},"222":{"start":{"line":445,"column":4},"end":{"line":445,"column":71}},"223":{"start":{"line":446,"column":4},"end":{"line":446,"column":20}},"224":{"start":{"line":449,"column":21},"end":{"line":449,"column":24}},"225":{"start":{"line":450,"column":22},"end":{"line":450,"column":24}},"226":{"start":{"line":451,"column":22},"end":{"line":451,"column":41}},"227":{"start":{"line":454,"column":4},"end":{"line":454,"column":31}},"228":{"start":{"line":455,"column":4},"end":{"line":455,"column":45}},"229":{"start":{"line":456,"column":4},"end":{"line":456,"column":62}},"230":{"start":{"line":457,"column":4},"end":{"line":457,"column":70}},"231":{"start":{"line":458,"column":4},"end":{"line":458,"column":92}},"232":{"start":{"line":459,"column":4},"end":{"line":459,"column":19}},"233":{"start":{"line":462,"column":12},"end":{"line":462,"column":25}},"234":{"start":{"line":463,"column":4},"end":{"line":463,"column":26}},"235":{"start":{"line":465,"column":4},"end":{"line":494,"column":7}},"236":{"start":{"line":467,"column":6},"end":{"line":481,"column":7}},"237":{"start":{"line":468,"column":8},"end":{"line":468,"column":22}},"238":{"start":{"line":469,"column":8},"end":{"line":469,"column":15}},"239":{"start":{"line":472,"column":8},"end":{"line":472,"column":35}},"240":{"start":{"line":473,"column":8},"end":{"line":473,"column":42}},"241":{"start":{"line":474,"column":8},"end":{"line":474,"column":59}},"242":{"start":{"line":475,"column":8},"end":{"line":475,"column":67}},"243":{"start":{"line":476,"column":8},"end":{"line":476,"column":89}},"244":{"start":{"line":477,"column":8},"end":{"line":477,"column":23}},"245":{"start":{"line":479,"column":8},"end":{"line":479,"column":30}},"246":{"start":{"line":480,"column":8},"end":{"line":480,"column":16}},"247":{"start":{"line":483,"column":22},"end":{"line":483,"column":101}},"248":{"start":{"line":484,"column":25},"end":{"line":486,"column":11}},"249":{"start":{"line":488,"column":6},"end":{"line":488,"column":79}},"250":{"start":{"line":489,"column":6},"end":{"line":489,"column":97}},"251":{"start":{"line":490,"column":6},"end":{"line":490,"column":115}},"252":{"start":{"line":491,"column":6},"end":{"line":491,"column":156}},"253":{"start":{"line":493,"column":6},"end":{"line":493,"column":14}},"254":{"start":{"line":497,"column":4},"end":{"line":497,"column":14}},"255":{"start":{"line":499,"column":4},"end":{"line":499,"column":61}},"256":{"start":{"line":500,"column":4},"end":{"line":500,"column":73}},"257":{"start":{"line":507,"column":0},"end":{"line":698,"column":2}},"258":{"start":{"line":508,"column":2},"end":{"line":697,"column":3}},"259":{"start":{"line":509,"column":75},"end":{"line":509,"column":84}},"260":{"start":{"line":510,"column":19},"end":{"line":510,"column":29}},"261":{"start":{"line":511,"column":21},"end":{"line":511,"column":33}},"262":{"start":{"line":514,"column":4},"end":{"line":516,"column":5}},"263":{"start":{"line":515,"column":6},"end":{"line":515,"column":99}},"264":{"start":{"line":519,"column":20},"end":{"line":519,"column":22}},"265":{"start":{"line":522,"column":4},"end":{"line":526,"column":5}},"266":{"start":{"line":523,"column":6},"end":{"line":523,"column":48}},"267":{"start":{"line":524,"column":11},"end":{"line":526,"column":5}},"268":{"start":{"line":525,"column":6},"end":{"line":525,"column":40}},"269":{"start":{"line":529,"column":4},"end":{"line":531,"column":5}},"270":{"start":{"line":530,"column":6},"end":{"line":530,"column":30}},"271":{"start":{"line":534,"column":4},"end":{"line":536,"column":5}},"272":{"start":{"line":535,"column":6},"end":{"line":535,"column":49}},"273":{"start":{"line":539,"column":4},"end":{"line":549,"column":5}},"274":{"start":{"line":540,"column":6},"end":{"line":540,"column":36}},"275":{"start":{"line":541,"column":6},"end":{"line":543,"column":7}},"276":{"start":{"line":542,"column":8},"end":{"line":542,"column":61}},"277":{"start":{"line":544,"column":6},"end":{"line":548,"column":7}},"278":{"start":{"line":545,"column":27},"end":{"line":545,"column":44}},"279":{"start":{"line":546,"column":8},"end":{"line":546,"column":45}},"280":{"start":{"line":547,"column":8},"end":{"line":547,"column":51}},"281":{"start":{"line":552,"column":25},"end":{"line":555,"column":37}},"282":{"start":{"line":558,"column":25},"end":{"line":558,"column":47}},"283":{"start":{"line":559,"column":4},"end":{"line":564,"column":5}},"284":{"start":{"line":560,"column":25},"end":{"line":560,"column":70}},"285":{"start":{"line":561,"column":6},"end":{"line":563,"column":7}},"286":{"start":{"line":562,"column":8},"end":{"line":562,"column":41}},"287":{"start":{"line":567,"column":25},"end":{"line":571,"column":5}},"288":{"start":{"line":574,"column":4},"end":{"line":586,"column":7}},"289":{"start":{"line":576,"column":6},"end":{"line":578,"column":7}},"290":{"start":{"line":577,"column":8},"end":{"line":577,"column":46}},"291":{"start":{"line":579,"column":6},"end":{"line":579,"column":42}},"292":{"start":{"line":582,"column":6},"end":{"line":584,"column":7}},"293":{"start":{"line":583,"column":8},"end":{"line":583,"column":66}},"294":{"start":{"line":585,"column":6},"end":{"line":585,"column":62}},"295":{"start":{"line":589,"column":16},"end":{"line":589,"column":47}},"296":{"start":{"line":592,"column":4},"end":{"line":592,"column":53}},"297":{"start":{"line":593,"column":4},"end":{"line":593,"column":132}},"298":{"start":{"line":596,"column":4},"end":{"line":596,"column":18}},"299":{"start":{"line":599,"column":4},"end":{"line":599,"column":83}},"300":{"start":{"line":600,"column":4},"end":{"line":600,"column":19}},"301":{"start":{"line":601,"column":4},"end":{"line":601,"column":80}},"302":{"start":{"line":602,"column":4},"end":{"line":602,"column":230}},"303":{"start":{"line":603,"column":4},"end":{"line":603,"column":124}},"304":{"start":{"line":605,"column":4},"end":{"line":607,"column":5}},"305":{"start":{"line":606,"column":6},"end":{"line":606,"column":57}},"306":{"start":{"line":609,"column":4},"end":{"line":611,"column":5}},"307":{"start":{"line":610,"column":6},"end":{"line":610,"column":79}},"308":{"start":{"line":613,"column":4},"end":{"line":613,"column":19}},"309":{"start":{"line":616,"column":4},"end":{"line":616,"column":57}},"310":{"start":{"line":617,"column":4},"end":{"line":617,"column":19}},"311":{"start":{"line":618,"column":4},"end":{"line":618,"column":74}},"312":{"start":{"line":621,"column":4},"end":{"line":621,"column":22}},"313":{"start":{"line":622,"column":4},"end":{"line":622,"column":49}},"314":{"start":{"line":623,"column":4},"end":{"line":626,"column":7}},"315":{"start":{"line":624,"column":30},"end":{"line":624,"column":97}},"316":{"start":{"line":625,"column":6},"end":{"line":625,"column":73}},"317":{"start":{"line":629,"column":4},"end":{"line":629,"column":22}},"318":{"start":{"line":630,"column":4},"end":{"line":630,"column":62}},"319":{"start":{"line":631,"column":4},"end":{"line":634,"column":7}},"320":{"start":{"line":632,"column":28},"end":{"line":632,"column":72}},"321":{"start":{"line":633,"column":6},"end":{"line":633,"column":79}},"322":{"start":{"line":636,"column":4},"end":{"line":636,"column":20}},"323":{"start":{"line":639,"column":21},"end":{"line":639,"column":24}},"324":{"start":{"line":640,"column":22},"end":{"line":640,"column":24}},"325":{"start":{"line":641,"column":22},"end":{"line":641,"column":44}},"326":{"start":{"line":644,"column":4},"end":{"line":644,"column":31}},"327":{"start":{"line":645,"column":4},"end":{"line":645,"column":44}},"328":{"start":{"line":646,"column":4},"end":{"line":646,"column":61}},"329":{"start":{"line":647,"column":4},"end":{"line":647,"column":81}},"330":{"start":{"line":648,"column":4},"end":{"line":648,"column":87}},"331":{"start":{"line":649,"column":4},"end":{"line":649,"column":104}},"332":{"start":{"line":650,"column":4},"end":{"line":650,"column":19}},"333":{"start":{"line":653,"column":12},"end":{"line":653,"column":25}},"334":{"start":{"line":654,"column":4},"end":{"line":654,"column":26}},"335":{"start":{"line":656,"column":4},"end":{"line":690,"column":7}},"336":{"start":{"line":658,"column":6},"end":{"line":673,"column":7}},"337":{"start":{"line":659,"column":8},"end":{"line":659,"column":22}},"338":{"start":{"line":660,"column":8},"end":{"line":660,"column":15}},"339":{"start":{"line":663,"column":8},"end":{"line":663,"column":35}},"340":{"start":{"line":664,"column":8},"end":{"line":664,"column":41}},"341":{"start":{"line":665,"column":8},"end":{"line":665,"column":58}},"342":{"start":{"line":666,"column":8},"end":{"line":666,"column":78}},"343":{"start":{"line":667,"column":8},"end":{"line":667,"column":84}},"344":{"start":{"line":668,"column":8},"end":{"line":668,"column":101}},"345":{"start":{"line":669,"column":8},"end":{"line":669,"column":23}},"346":{"start":{"line":671,"column":8},"end":{"line":671,"column":30}},"347":{"start":{"line":672,"column":8},"end":{"line":672,"column":16}},"348":{"start":{"line":675,"column":30},"end":{"line":677,"column":11}},"349":{"start":{"line":679,"column":30},"end":{"line":681,"column":11}},"350":{"start":{"line":683,"column":6},"end":{"line":683,"column":97}},"351":{"start":{"line":684,"column":6},"end":{"line":684,"column":120}},"352":{"start":{"line":685,"column":6},"end":{"line":685,"column":134}},"353":{"start":{"line":686,"column":6},"end":{"line":686,"column":132}},"354":{"start":{"line":687,"column":6},"end":{"line":687,"column":147}},"355":{"start":{"line":689,"column":6},"end":{"line":689,"column":14}},"356":{"start":{"line":693,"column":4},"end":{"line":693,"column":14}},"357":{"start":{"line":695,"column":4},"end":{"line":695,"column":73}},"358":{"start":{"line":696,"column":4},"end":{"line":696,"column":85}},"359":{"start":{"line":703,"column":0},"end":{"line":937,"column":2}},"360":{"start":{"line":704,"column":2},"end":{"line":936,"column":3}},"361":{"start":{"line":705,"column":73},"end":{"line":705,"column":82}},"362":{"start":{"line":706,"column":19},"end":{"line":706,"column":29}},"363":{"start":{"line":707,"column":21},"end":{"line":707,"column":33}},"364":{"start":{"line":710,"column":4},"end":{"line":712,"column":5}},"365":{"start":{"line":711,"column":6},"end":{"line":711,"column":99}},"366":{"start":{"line":715,"column":4},"end":{"line":717,"column":5}},"367":{"start":{"line":716,"column":6},"end":{"line":716,"column":79}},"368":{"start":{"line":720,"column":20},"end":{"line":720,"column":44}},"369":{"start":{"line":723,"column":4},"end":{"line":725,"column":5}},"370":{"start":{"line":724,"column":6},"end":{"line":724,"column":48}},"371":{"start":{"line":729,"column":4},"end":{"line":731,"column":5}},"372":{"start":{"line":730,"column":6},"end":{"line":730,"column":30}},"373":{"start":{"line":734,"column":4},"end":{"line":736,"column":5}},"374":{"start":{"line":735,"column":6},"end":{"line":735,"column":49}},"375":{"start":{"line":739,"column":4},"end":{"line":749,"column":5}},"376":{"start":{"line":740,"column":6},"end":{"line":740,"column":36}},"377":{"start":{"line":741,"column":6},"end":{"line":743,"column":7}},"378":{"start":{"line":742,"column":8},"end":{"line":742,"column":61}},"379":{"start":{"line":744,"column":6},"end":{"line":748,"column":7}},"380":{"start":{"line":745,"column":27},"end":{"line":745,"column":44}},"381":{"start":{"line":746,"column":8},"end":{"line":746,"column":45}},"382":{"start":{"line":747,"column":8},"end":{"line":747,"column":51}},"383":{"start":{"line":752,"column":21},"end":{"line":752,"column":56}},"384":{"start":{"line":753,"column":21},"end":{"line":753,"column":56}},"385":{"start":{"line":755,"column":4},"end":{"line":757,"column":5}},"386":{"start":{"line":756,"column":6},"end":{"line":756,"column":74}},"387":{"start":{"line":760,"column":4},"end":{"line":762,"column":5}},"388":{"start":{"line":761,"column":6},"end":{"line":761,"column":110}},"389":{"start":{"line":765,"column":25},"end":{"line":767,"column":37}},"390":{"start":{"line":770,"column":25},"end":{"line":770,"column":40}},"391":{"start":{"line":771,"column":4},"end":{"line":776,"column":5}},"392":{"start":{"line":772,"column":25},"end":{"line":772,"column":71}},"393":{"start":{"line":773,"column":6},"end":{"line":775,"column":7}},"394":{"start":{"line":774,"column":8},"end":{"line":774,"column":41}},"395":{"start":{"line":779,"column":16},"end":{"line":779,"column":47}},"396":{"start":{"line":782,"column":4},"end":{"line":782,"column":53}},"397":{"start":{"line":783,"column":4},"end":{"line":783,"column":140}},"398":{"start":{"line":786,"column":4},"end":{"line":786,"column":18}},"399":{"start":{"line":789,"column":4},"end":{"line":789,"column":93}},"400":{"start":{"line":790,"column":4},"end":{"line":790,"column":19}},"401":{"start":{"line":793,"column":4},"end":{"line":793,"column":68}},"402":{"start":{"line":794,"column":4},"end":{"line":794,"column":22}},"403":{"start":{"line":795,"column":4},"end":{"line":795,"column":52}},"404":{"start":{"line":796,"column":4},"end":{"line":796,"column":105}},"405":{"start":{"line":799,"column":4},"end":{"line":803,"column":5}},"406":{"start":{"line":800,"column":23},"end":{"line":800,"column":57}},"407":{"start":{"line":801,"column":20},"end":{"line":801,"column":88}},"408":{"start":{"line":802,"column":6},"end":{"line":802,"column":116}},"409":{"start":{"line":805,"column":4},"end":{"line":805,"column":83}},"410":{"start":{"line":806,"column":4},"end":{"line":806,"column":59}},"411":{"start":{"line":808,"column":4},"end":{"line":810,"column":5}},"412":{"start":{"line":809,"column":6},"end":{"line":809,"column":62}},"413":{"start":{"line":813,"column":4},"end":{"line":821,"column":5}},"414":{"start":{"line":814,"column":6},"end":{"line":814,"column":71}},"415":{"start":{"line":815,"column":11},"end":{"line":821,"column":5}},"416":{"start":{"line":816,"column":21},"end":{"line":816,"column":65}},"417":{"start":{"line":817,"column":6},"end":{"line":817,"column":72}},"418":{"start":{"line":817,"column":32},"end":{"line":817,"column":72}},"419":{"start":{"line":818,"column":6},"end":{"line":818,"column":81}},"420":{"start":{"line":819,"column":6},"end":{"line":819,"column":62}},"421":{"start":{"line":819,"column":24},"end":{"line":819,"column":62}},"422":{"start":{"line":820,"column":6},"end":{"line":820,"column":53}},"423":{"start":{"line":823,"column":4},"end":{"line":823,"column":20}},"424":{"start":{"line":826,"column":4},"end":{"line":846,"column":5}},"425":{"start":{"line":827,"column":6},"end":{"line":827,"column":70}},"426":{"start":{"line":828,"column":6},"end":{"line":828,"column":23}},"427":{"start":{"line":830,"column":6},"end":{"line":833,"column":7}},"428":{"start":{"line":831,"column":32},"end":{"line":831,"column":99}},"429":{"start":{"line":832,"column":8},"end":{"line":832,"column":47}},"430":{"start":{"line":835,"column":6},"end":{"line":838,"column":7}},"431":{"start":{"line":836,"column":30},"end":{"line":836,"column":96}},"432":{"start":{"line":837,"column":8},"end":{"line":837,"column":58}},"433":{"start":{"line":840,"column":6},"end":{"line":843,"column":7}},"434":{"start":{"line":841,"column":29},"end":{"line":841,"column":210}},"435":{"start":{"line":842,"column":8},"end":{"line":842,"column":31}},"436":{"start":{"line":845,"column":6},"end":{"line":845,"column":22}},"437":{"start":{"line":849,"column":4},"end":{"line":849,"column":80}},"438":{"start":{"line":850,"column":4},"end":{"line":850,"column":22}},"439":{"start":{"line":851,"column":4},"end":{"line":851,"column":87}},"440":{"start":{"line":852,"column":4},"end":{"line":852,"column":19}},"441":{"start":{"line":854,"column":4},"end":{"line":903,"column":5}},"442":{"start":{"line":855,"column":6},"end":{"line":855,"column":100}},"443":{"start":{"line":858,"column":6},"end":{"line":902,"column":9}},"444":{"start":{"line":860,"column":8},"end":{"line":862,"column":9}},"445":{"start":{"line":861,"column":10},"end":{"line":861,"column":24}},"446":{"start":{"line":864,"column":32},"end":{"line":866,"column":25}},"447":{"start":{"line":868,"column":32},"end":{"line":870,"column":24}},"448":{"start":{"line":872,"column":32},"end":{"line":874,"column":24}},"449":{"start":{"line":876,"column":8},"end":{"line":876,"column":103}},"450":{"start":{"line":877,"column":8},"end":{"line":877,"column":26}},"451":{"start":{"line":878,"column":8},"end":{"line":878,"column":87}},"452":{"start":{"line":879,"column":8},"end":{"line":879,"column":117}},"453":{"start":{"line":881,"column":8},"end":{"line":883,"column":9}},"454":{"start":{"line":882,"column":10},"end":{"line":882,"column":67}},"455":{"start":{"line":885,"column":8},"end":{"line":887,"column":9}},"456":{"start":{"line":886,"column":10},"end":{"line":886,"column":163}},"457":{"start":{"line":889,"column":8},"end":{"line":891,"column":9}},"458":{"start":{"line":890,"column":10},"end":{"line":890,"column":158}},"459":{"start":{"line":893,"column":8},"end":{"line":895,"column":9}},"460":{"start":{"lin
[...]
e":10,"column":68},"end":{"line":19,"column":1}},"line":10},"1":{"name":"(anonymous_1)","decl":{"start":{"line":26,"column":19},"end":{"line":26,"column":20}},"loc":{"start":{"line":26,"column":34},"end":{"line":79,"column":1}},"line":26},"2":{"name":"(anonymous_2)","decl":{"start":{"line":49,"column":58},"end":{"line":49,"column":59}},"loc":{"start":{"line":49,"column":64},"end":{"line":52,"column":5}},"line":49}},"branchMap":{"0":{"loc":{"start":{"line":10,"column":30},"end":{"line":10,"column":46}},"type":"default-arg","locations":[{"start":{"line":10,"column":43},"end":{"line":10,"column":46}}],"line":10},"1":{"loc":{"start":{"line":10,"column":48},"end":{"line":10,"column":63}},"type":"default-arg","locations":[{"start":{"line":10,"column":59},"end":{"line":10,"column":63}}],"line":10},"2":{"loc":{"start":{"line":14,"column":2},"end":{"line":16,"column":3}},"type":"if","locations":[{"start":{"line":14,"column":2},"end":{"line":16,"column":3}},{"start":{},"end":{}}],"line":14},"3":{"loc":{"start":{"line":30,"column":21},"end":{"line":30,"column":73}},"type":"binary-expr","locations":[{"start":{"line":30,"column":21},"end":{"line":30,"column":36}},{"start":{"line":30,"column":40},"end":{"line":30,"column":73}}],"line":30},"4":{"loc":{"start":{"line":34,"column":14},"end":{"line":34,"column":56}},"type":"binary-expr","locations":[{"start":{"line":34,"column":14},"end":{"line":34,"column":26}},{"start":{"line":34,"column":30},"end":{"line":34,"column":56}}],"line":34},"5":{"loc":{"start":{"line":38,"column":2},"end":{"line":40,"column":3}},"type":"if","locations":[{"start":{"line":38,"column":2},"end":{"line":40,"column":3}},{"start":{},"end":{}}],"line":38},"6":{"loc":{"start":{"line":38,"column":6},"end":{"line":38,"column":71}},"type":"binary-expr","locations":[{"start":{"line":38,"column":6},"end":{"line":38,"column":19}},{"start":{"line":38,"column":23},"end":{"line":38,"column":71}}],"line":38},"7":{"loc":{"start":{"line":43,"column":2},"end":{"line":45,"column":3}},"type":"if","locations":[{"start":{"line":43,"column":2},"end":{"line":45,"column":3}},{"start":{},"end":{}}],"line":43},"8":{"loc":{"start":{"line":43,"column":6},"end":{"line":43,"column":96}},"type":"binary-expr","locations":[{"start":{"line":43,"column":6},"end":{"line":43,"column":44}},{"start":{"line":43,"column":48},"end":{"line":43,"column":96}}],"line":43},"9":{"loc":{"start":{"line":48,"column":2},"end":{"line":58,"column":3}},"type":"if","locations":[{"start":{"line":48,"column":2},"end":{"line":58,"column":3}},{"start":{},"end":{}}],"line":48},"10":{"loc":{"start":{"line":61,"column":2},"end":{"line":65,"column":3}},"type":"if","locations":[{"start":{"line":61,"column":2},"end":{"line":65,"column":3}},{"start":{},"end":{}}],"line":61},"11":{"loc":{"start":{"line":61,"column":6},"end":{"line":61,"column":59}},"type":"binary-expr","locations":[{"start":{"line":61,"column":6},"end":{"line":61,"column":31}},{"start":{"line":61,"column":35},"end":{"line":61,"column":59}}],"line":61},"12":{"loc":{"start":{"line":68,"column":2},"end":{"line":75,"column":3}},"type":"if","locations":[{"start":{"line":68,"column":2},"end":{"line":75,"column":3}},{"start":{},"end":{}}],"line":68}},"s":{"0":0,"1":0,"2":0,"3":0,"4":0,"5":0,"6":0,"7":0,"8":0,"9":0,"10":0,"11":0,"12":0,"13":0,"14":0,"15":0,"16":0,"17":0,"18":0,"19":0,"20":0,"21":0,"22":0,"23":0,"24":0,"25":0,"26":0},"f":{"0":0,"1":0,"2":0},"b":{"0":[0],"1":[0],"2":[0,0],"3":[0,0],"4":[0,0],"5":[0,0],"6":[0,0],"7":[0,0],"8":[0,0],"9":[0,0],"10":[0,0],"11":[0,0],"12":[0,0]}}
,"C:\\Users\\usuario\\Dropbox\\My PC (DESKTOP-R6SOP30)\\Documents\\2025\\sistemas modulares\\TFD\\TFD360\\backend\\utils\\geradores.js": {"path":"C:\\Users\\usuario\\Dropbox\\My PC (DESKTOP-R6SOP30)\\Documents\\2025\\sistemas modulares\\TFD\\TFD360\\backend\\utils\\geradores.js","statementMap":{"0":{"start":{"line":1,"column":23},"end":{"line":1,"column":65}},"1":{"start":{"line":8,"column":0},"end":{"line":32,"column":2}},"2":{"start":{"line":9,"column":19},"end":{"line":9,"column":43}},"3":{"start":{"line":12,"column":28},"end":{"line":16,"column":31}},"4":{"start":{"line":18,"column":22},"end":{"line":18,"column":23}},"5":{"start":{"line":20,"column":2},"end":{"line":26,"column":3}},"6":{"start":{"line":22,"column":19},"end":{"line":22,"column":66}},"7":{"start":{"line":23,"column":4},"end":{"line":25,"column":5}},"8":{"start":{"line":24,"column":6},"end":{"line":24,"column":46}},"9":{"start":{"line":29,"column":26},"end":{"line":29,"column":64}},"10":{"start":{"line":31,"column":2},"end":{"line":31,"column":42}}},"fnMap":{"0":{"name":"(anonymous_0)","decl":{"start":{"line":8,"column":33},"end":{"line":8,"column":34}},"loc":{"start":{"line":8,"column":45},"end":{"line":32,"column":1}},"line":8}},"branchMap":{"0":{"loc":{"start":{"line":20,"column":2},"end":{"line":26,"column":3}},"type":"if","locations":[{"start":{"line":20,"column":2},"end":{"line":26,"column":3}},{"start":{},"end":{}}],"line":20},"1":{"loc":{"start":{"line":23,"column":4},"end":{"line":25,"column":5}},"type":"if","locations":[{"start":{"line":23,"column":4},"end":{"line":25,"column":5}},{"start":{},"end":{}}],"line":23}},"s":{"0":0,"1":0,"2":0,"3":0,"4":0,"5":0,"6":0,"7":0,"8":0,"9":0,"10":0},"f":{"0":0},"b":{"0":[0,0],"1":[0,0]}}
,"C:\\Users\\usuario\\Dropbox\\My PC (DESKTOP-R6SOP30)\\Documents\\2025\\sistemas modulares\\TFD\\TFD360\\backend\\utils\\validacao.utils.js": {"path":"C:\\Users\\usuario\\Dropbox\\My PC (DESKTOP-R6SOP30)\\Documents\\2025\\sistemas modulares\\TFD\\TFD360\\backend\\utils\\validacao.utils.js","statementMap":{"0":{"start":{"line":6,"column":24},"end":{"line":12,"column":1}},"1":{"start":{"line":7,"column":2},"end":{"line":7,"column":24}},"2":{"start":{"line":7,"column":11},"end":{"line":7,"column":24}},"3":{"start":{"line":10,"column":24},"end":{"line":10,"column":43}},"4":{"start":{"line":11,"column":2},"end":{"line":11,"column":32}},"5":{"start":{"line":19,"column":24},"end":{"line":28,"column":1}},"6":{"start":{"line":20,"column":2},"end":{"line":20,"column":24}},"7":{"start":{"line":20,"column":14},"end":{"line":20,"column":24}},"8":{"start":{"line":22,"column":2},"end":{"line":27,"column":19}},"9":{"start":{"line":36,"column":22},"end":{"line":174,"column":1}},"10":{"start":{"line":37,"column":16},"end":{"line":37,"column":18}},"11":{"start":{"line":40,"column":2},"end":{"line":168,"column":5}},"12":{"start":{"line":41,"column":19},"end":{"line":41,"column":33}},"13":{"start":{"line":44,"column":4},"end":{"line":50,"column":5}},"14":{"start":{"line":45,"column":6},"end":{"line":48,"column":9}},"15":{"start":{"line":49,"column":6},"end":{"line":49,"column":13}},"16":{"start":{"line":53,"column":4},"end":{"line":55,"column":5}},"17":{"start":{"line":54,"column":6},"end":{"line":54,"column":13}},"18":{"start":{"line":58,"column":4},"end":{"line":88,"column":5}},"19":{"start":{"line":59,"column":23},"end":{"line":59,"column":27}},"20":{"start":{"line":61,"column":6},"end":{"line":80,"column":7}},"21":{"start":{"line":63,"column":10},"end":{"line":63,"column":57}},"22":{"start":{"line":64,"column":10},"end":{"line":64,"column":16}},"23":{"start":{"line":66,"column":10},"end":{"line":66,"column":82}},"24":{"start":{"line":67,"column":10},"end":{"line":67,"column":16}},"25":{"start":{"line":69,"column":10},"end":{"line":69,"column":58}},"26":{"start":{"line":70,"column":10},"end":{"line":70,"column":16}},"27":{"start":{"line":72,"column":10},"end":{"line":72,"column":90}},"28":{"start":{"line":73,"column":10},"end":{"line":73,"column":16}},"29":{"start":{"line":75,"column":10},"end":{"line":75,"column":52}},"30":{"start":{"line":76,"column":10},"end":{"line":76,"column":16}},"31":{"start":{"line":78,"column":10},"end":{"line":78,"column":98}},"32":{"start":{"line":79,"column":10},"end":{"line":79,"column":16}},"33":{"start":{"line":82,"column":6},"end":{"line":87,"column":7}},"34":{"start":{"line":83,"column":8},"end":{"line":86,"column":11}},"35":{"start":{"line":91,"column":4},"end":{"line":98,"column":5}},"36":{"start":{"line":92,"column":6},"end":{"line":97,"column":7}},"37":{"start":{"line":93,"column":8},"end":{"line":96,"column":11}},"38":{"start":{"line":101,"column":4},"end":{"line":112,"column":5}},"39":{"start":{"line":102,"column":26},"end":{"line":104,"column":38}},"40":{"start":{"line":106,"column":6},"end":{"line":111,"column":7}},"41":{"start":{"line":107,"column":8},"end":{"line":110,"column":11}},"42":{"start":{"line":115,"column":4},"end":{"line":126,"column":5}},"43":{"start":{"line":116,"column":26},"end":{"line":118,"column":38}},"44":{"start":{"line":120,"column":6},"end":{"line":125,"column":7}},"45":{"start":{"line":121,"column":8},"end":{"line":124,"column":11}},"46":{"start":{"line":129,"column":4},"end":{"line":136,"column":5}},"47":{"start":{"line":130,"column":6},"end":{"line":135,"column":7}},"48":{"start":{"line":131,"column":8},"end":{"line":134,"column":11}},"49":{"start":{"line":139,"column":4},"end":{"line":146,"column":5}},"50":{"start":{"line":140,"column":6},"end":{"line":145,"column":7}},"51":{"start":{"line":141,"column":8},"end":{"line":144,"column":11}},"52":{"start":{"line":149,"column":4},"end":{"line":156,"column":5}},"53":{"start":{"line":150,"column":6},"end":{"line":155,"column":7}},"54":{"start":{"line":151,"column":8},"end":{"line":154,"column":11}},"55":{"start":{"line":159,"column":4},"end":{"line":167,"column":5}},"56":{"start":{"line":160,"column":33},"end":{"line":160,"column":72}},"57":{"start":{"line":161,"column":6},"end":{"line":166,"column":7}},"58":{"start":{"line":162,"column":8},"end":{"line":165,"column":11}},"59":{"start":{"line":170,"column":2},"end":{"line":173,"column":4}},"60":{"start":{"line":176,"column":0},"end":{"line":180,"column":2}}},"fnMap":{"0":{"name":"(anonymous_0)","decl":{"start":{"line":6,"column":24},"end":{"line":6,"column":25}},"loc":{"start":{"line":6,"column":32},"end":{"line":12,"column":1}},"line":6},"1":{"name":"(anonymous_1)","decl":{"start":{"line":19,"column":24},"end":{"line":19,"column":25}},"loc":{"start":{"line":19,"column":35},"end":{"line":28,"column":1}},"line":19},"2":{"name":"(anonymous_2)","decl":{"start":{"line":36,"column":22},"end":{"line":36,"column":23}},"loc":{"start":{"line":36,"column":43},"end":{"line":174,"column":1}},"line":36},"3":{"name":"(anonymous_3)","decl":{"start":{"line":40,"column":31},"end":{"line":40,"column":32}},"loc":{"start":{"line":40,"column":40},"end":{"line":168,"column":3}},"line":40}},"branchMap":{"0":{"loc":{"start":{"line":7,"column":2},"end":{"line":7,"column":24}},"type":"if","locations":[{"start":{"line":7,"column":2},"end":{"line":7,"column":24}},{"start":{},"end":{}}],"line":7},"1":{"loc":{"start":{"line":20,"column":2},"end":{"line":20,"column":24}},"type":"if","locations":[{"start":{"line":20,"column":2},"end":{"line":20,"column":24}},{"start":{},"end":{}}],"line":20},"2":{"loc":{"start":{"line":44,"column":4},"end":{"line":50,"column":5}},"type":"if","locations":[{"start":{"line":44,"column":4},"end":{"line":50,"column":5}},{"start":{},"end":{}}],"line":44},"3":{"loc":{"start":{"line":44,"column":8},"end":{"line":44,"column":109}},"type":"binary-expr","locations":[{"start":{"line":44,"column":8},"end":{"line":44,"column":26}},{"start":{"line":44,"column":31},"end":{"line":44,"column":58}},{"start":{"line":44,"column":62},"end":{"line":44,"column":84}},{"start":{"line":44,"column":88},"end":{"line":44,"column":108}}],"line":44},"4":{"loc":{"start":{"line":53,"column":4},"end":{"line":55,"column":5}},"type":"if","locations":[{"start":{"line":53,"column":4},"end":{"line":55,"column":5}},{"start":{},"end":{}}],"line":53},"5":{"loc":{"start":{"line":53,"column":8},"end":{"line":53,"column":61}},"type":"binary-expr","locations":[{"start":{"line":53,"column":8},"end":{"line":53,"column":35}},{"start":{"line":53,"column":39},"end":{"line":53,"column":61}}],"line":53},"6":{"loc":{"start":{"line":58,"column":4},"end":{"line":88,"column":5}},"type":"if","locations":[{"start":{"line":58,"column":4},"end":{"line":88,"column":5}},{"start":{},"end":{}}],"line":58},"7":{"loc":{"start":{"line":61,"column":6},"end":{"line":80,"column":7}},"type":"switch","locations":[{"start":{"line":62,"column":8},"end":{"line":64,"column":16}},{"start":{"line":65,"column":8},"end":{"line":67,"column":16}},{"start":{"line":68,"column":8},"end":{"line":70,"column":16}},{"start":{"line":71,"column":8},"end":{"line":73,"column":16}},{"start":{"line":74,"column":8},"end":{"line":76,"column":16}},{"start":{"line":77,"column":8},"end":{"line":79,"column":16}}],"line":61},"8":{"loc":{"start":{"line":66,"column":23},"end":{"line":66,"column":81}},"type":"binary-expr","locations":[{"start":{"line":66,"column":23},"end":{"line":66,"column":56}},{"start":{"line":66,"column":60},"end":{"line":66,"column":81}}],"line":66},"9":{"loc":{"start":{"line":72,"column":23},"end":{"line":72,"column":89}},"type":"binary-expr","locations":[{"start":{"line":72,"column":23},"end":{"line":72,"column":56}},{"start":{"line":72,"column":60},"end":{"line":72,"column":89}}],"line":72},"10":{"loc":{"start":{"line":78,"column":23},"end":{"line":78,"column":97}},"type":"binary-expr","locations":[{"start":{"line":78,"column":23},"end":{"line":78,"column":52}},{"start":{"line":78,"column":56},"end":{"line":78,"column":97}}],"line":78},"11":{"loc":{"start":{"line":82,"column":6},"end":{"line":87,"column":7}},"type":"if","locations":[{"start":{"line":82,"column":6},"end":{"line":87,"column":7}},{"start":{},"end":{}}],"line":82},"12":{"loc":{"start":{"line":91,"column":4},"end":{"line":98,"column":5}},"type":"if","locations":[{"start":{"line":91,"column":4},"end":{"line":98,"column":5}},{"start":{},"end":{}}],"line":91},"13":{"loc":{"start":{"line":91,"column":8},"end":{"line":91,"column":57}},"type":"binary-expr","locations":[{"start":{"line":91,"column":8},"end":{"line":91,"column":20}},{"start":{"line":91,"column":24},"end":{"line":91,"column":57}}],"line":91},"14":{"loc":{"start":{"line":92,"column":6},"end":{"line":97,"column":7}},"type":"if","locations":[{"start":{"line":92,"column":6},"end":{"line":97,"column":7}},{"start":{},"end":{}}],"line":92},"15":{"loc":{"start":{"line":95,"column":20},"end":{"line":95,"column":86}},"type":"binary-expr","locations":[{"start":{"line":95,"column":20},"end":{"line":95,"column":40}},{"start":{"line":95,"column":44},"end":{"line":95,"column":86}}],"line":95},"16":{"loc":{"start":{"line":101,"column":4},"end":{"line":112,"column":5}},"type":"if","locations":[{"start":{"line":101,"column":4},"end":{"line":112,"column":5}},{"start":{},"end":{}}],"line":101},"17":{"loc":{"start":{"line":102,"column":26},"end":{"line":104,"column":38}},"type":"cond-expr","locations":[{"start":{"line":103,"column":10},"end":{"line":103,"column":30}},{"start":{"line":104,"column":10},"end":{"line":104,"column":38}}],"line":102},"18":{"loc":{"start":{"line":102,"column":26},"end":{"line":102,"column":91}},"type":"binary-expr","locations":[{"start":{"line":102,"column":26},"end":{"line":102,"column":54}},{"start":{"line":102,"column":58},"end":{"line":102,"column":91}}],"line":102},"19":{"loc":{"start":{"line":106,"column":6},"end":{"line":111,"column":7}},"type":"if","locations":[{"start":{"line":106,"column":6},"end":{"line":111,"column":7}},{"start":{},"end":{}}],"line":106},"20":{"loc":{"start":{"line":115,"column":4},"end":{"line":126,"column":5}},"type":"if","locations":[{"start":{"line":115,"column":4},"end":{"line":126,"column":5}},{"start":{},"end":{}}],"line":115},"21":{"loc":{"start":{"line":116,"column":26},"end":{"line":118,"column":38}},"type":"cond-expr","locations":[{"start":{"line":117,"column":10},"end":{"line":117,"column":30}},{"start":{"line":118,"column":10},"end":{"line":118,"column":38}}],"line":116},"22":{"loc":{"start":{"line":116,"column":26},"end":{"line":116,"column":91}},"type":"binary-expr","locations":[{"start":{"line":116,"column":26},"end":{"line":116,"column":54}},{"start":{"line":116,"column":58},"end":{"line":116,"column":91}}],"line":116},"23":{"loc":{"start":{"line":120,"column":6},"end":{"line":125,"column":7}},"type":"if","locations":[{"start":{"line":120,"column":6},"end":{"line":125,"column":7}},{"start":{},"end":{}}],"line":120},"24":{"loc":{"start":{"line":129,"column":4},"end":{"line":136,"column":5}},"type":"if","locations":[{"start":{"line":129,"column":4},"end":{"line":136,"column":5}},{"start":{},"end":{}}],"line":129},"25":{"loc":{"start":{"line":129,"column":8},"end":{"line":129,"column":69}},"type":"binary-expr","locations":[{"start":{"line":129,"column":8},"end":{"line":129,"column":32}},{"start":{"line":129,"column":36},"end":{"line":129,"column":69}}],"line":129},"26":{"loc":{"start":{"line":130,"column":6},"end":{"line":135,"column":7}},"type":"if","locations":[{"start":{"line":130,"column":6},"end":{"line":135,"column":7}},{"start":{},"end":{}}],"line":130},"27":{"loc":{"start":{"line":139,"column":4},"end":{"line":146,"column":5}},"type":"if","locations":[{"start":{"line":139,"column":4},"end":{"line":146,"column":5}},{"start":{},"end":{}}],"line":139},"28":{"loc":{"start":{"line":139,"column":8},"end":{"line":139,"column":69}},"type":"binary-expr","locations":[{"start":{"line":139,"column":8},"end":{"line":139,"column":32}},{"start":{"line":139,"column":36},"end":{"line":139,"column":69}}],"line":139},"29":{"loc":{"start":{"line":140,"column":6},"end":{"line":145,"column":7}},"type":"if","locations":[{"start":{"line":140,"column":6},"end":{"line":145,"column":7}},{"start":{},"end":{}}],"line":140},"30":{"loc":{"start":{"line":149,"column":4},"end":{"line":156,"column":5}},"type":"if","locations":[{"start":{"line":149,"column":4},"end":{"line":156,"column":5}},{"start":{},"end":{}}],"line":149},"31":{"loc":{"start":{"line":149,"column":8},"end":{"line":149,"column":49}},"type":"binary-expr","locations":[{"start":{"line":149,"column":8},"end":{"line":149,"column":19}},{"start":{"line":149,"column":23},"end":{"line":149,"column":49}}],"line":149},"32":{"loc":{"start":{"line":150,"column":6},"end":{"line":155,"column":7}},"type":"if","locations":[{"start":{"line":150,"column":6},"end":{"line":155,"column":7}},{"start":{},"end":{}}],"line":150},"33":{"loc":{"start":{"line":159,"column":4},"end":{"line":167,"column":5}},"type":"if","locations":[{"start":{"line":159,"column":4},"end":{"line":167,"column":5}},{"start":{},"end":{}}],"line":159},"34":{"loc":{"start":{"line":159,"column":8},"end":{"line":159,"column":66}},"type":"binary-expr","locations":[{"start":{"line":159,"column":8},"end":{"line":159,"column":24}},{"start":{"line":159,"column":28},"end":{"line":159,"column":66}}],"line":159},"35":{"loc":{"start":{"line":161,"column":6},"end":{"line":166,"column":7}},"type":"if","locations":[{"start":{"line":161,"column":6},"end":{"line":166,"column":7}},{"start":{},"end":{}}],"line":161},"36":{"loc":{"start":{"line":164,"column":20},"end":{"line":164,"column":71}},"type":"binary-expr","locations":[{"start":{"line":164,"column":20},"end":{"line":164,"column":38}},{"start":{"line":164,"column":42},"end":{"line":164,"column":71}}],"line":164}},"s":{"0":0,"1":0,"2":0,"3":0,"4":0,"5":0,"6":0,"7":0,"8":0,"9":0,"10":0,"11":0,"12":0,"13":0,"14":0,"15":0,"16":0,"17":0,"18":0,"19":0,"20":0,"21":0,"22":0,"23":0,"24":0,"25":0,"26":0,"27":0,"28":0,"29":0,"30":0,"31":0,"32":0,"33":0,"34":0,"35":0,"36":0,"37":0,"38":0,"39":0,"40":0,"41":0,"42":0,"43":0,"44":0,"45":0,"46":0,"47":0,"48":0,"49":0,"50":0,"51":0,"52":0,"53":0,"54":0,"55":0,"56":0,"57":0,"58":0,"59":0,"60":0},"f":{"0":0,"1":0,"2":0,"3":0},"b":{"0":[0,0],"1":[0,0],"2":[0,0],"3":[0,0,0,0],"4":[0,0],"5":[0,0],"6":[0,0],"7":[0,0,0,0,0,0],"8":[0,0],"9":[0,0],"10":[0,0],"11":[0,0],"12":[0,0],"13":[0,0],"14":[0,0],"15":[0,0],"16":[0,0],"17":[0,0],"18":[0,0],"19":[0,0],"20":[0,0],"21":[0,0],"22":[0,0],"23":[0,0],"24":[0,0],"25":[0,0],"26":[0,0],"27":[0,0],"28":[0,0],"29":[0,0],"30":[0,0],"31":[0,0],"32":[0,0],"33":[0,0],"34":[0,0],"35":[0,0],"36":[0,0]}}
}
