TN:
SF:controllers\agendamento-relatorio.controller.js
FN:11,(anonymous_0)
FN:39,(anonymous_1)
FN:57,(anonymous_2)
FN:79,(anonymous_3)
FN:105,(anonymous_4)
FN:133,(anonymous_5)
FN:154,(anonymous_6)
FN:176,(anonymous_7)
FNF:8
FNH:0
FNDA:0,(anonymous_0)
FNDA:0,(anonymous_1)
FNDA:0,(anonymous_2)
FNDA:0,(anonymous_3)
FNDA:0,(anonymous_4)
FNDA:0,(anonymous_5)
FNDA:0,(anonymous_6)
FNDA:0,(anonymous_7)
DA:1,0
DA:2,0
DA:3,0
DA:4,0
DA:5,0
DA:6,0
DA:11,0
DA:12,0
DA:14,0
DA:20,0
DA:25,0
DA:30,0
DA:32,0
DA:39,0
DA:40,0
DA:41,0
DA:43,0
DA:44,0
DA:47,0
DA:48,0
DA:50,0
DA:57,0
DA:58,0
DA:59,0
DA:60,0
DA:62,0
DA:67,0
DA:72,0
DA:79,0
DA:80,0
DA:81,0
DA:83,0
DA:84,0
DA:87,0
DA:88,0
DA:93,0
DA:98,0
DA:105,0
DA:106,0
DA:107,0
DA:109,0
DA:110,0
DA:113,0
DA:115,0
DA:116,0
DA:119,0
DA:121,0
DA:126,0
DA:133,0
DA:134,0
DA:135,0
DA:137,0
DA:138,0
DA:141,0
DA:143,0
DA:147,0
DA:154,0
DA:155,0
DA:156,0
DA:158,0
DA:159,0
DA:162,0
DA:164,0
DA:169,0
DA:176,0
DA:177,0
DA:178,0
DA:180,0
DA:185,0
DA:189,0
LF:70
LH:0
BRDA:16,0,0,0
BRDA:16,0,1,0
BRDA:21,1,0,0
BRDA:21,1,1,0
BRDA:22,2,0,0
BRDA:22,2,1,0
BRDA:43,3,0,0
BRDA:43,3,1,0
BRDA:83,4,0,0
BRDA:83,4,1,0
BRDA:109,5,0,0
BRDA:109,5,1,0
BRDA:115,6,0,0
BRDA:115,6,1,0
BRDA:122,7,0,0
BRDA:122,7,1,0
BRDA:137,8,0,0
BRDA:137,8,1,0
BRDA:158,9,0,0
BRDA:158,9,1,0
BRF:20
BRH:0
end_of_record
TN:
SF:controllers\auth.controller.js
FN:13,(anonymous_0)
FN:56,(anonymous_1)
FN:157,(anonymous_2)
FN:244,(anonymous_3)
FN:286,(anonymous_4)
FNF:5
FNH:0
FNDA:0,(anonymous_0)
FNDA:0,(anonymous_1)
FNDA:0,(anonymous_2)
FNDA:0,(anonymous_3)
FNDA:0,(anonymous_4)
DA:1,0
DA:2,0
DA:3,0
DA:4,0
DA:5,0
DA:13,0
DA:15,0
DA:16,0
DA:19,0
DA:26,0
DA:33,0
DA:46,0
DA:56,0
DA:57,0
DA:58,0
DA:61,0
DA:72,0
DA:73,0
DA:80,0
DA:81,0
DA:88,0
DA:89,0
DA:90,0
DA:97,0
DA:98,0
DA:99,0
DA:107,0
DA:108,0
DA:111,0
DA:120,0
DA:121,0
DA:122,0
DA:125,0
DA:140,0
DA:145,0
DA:146,0
DA:157,0
DA:158,0
DA:159,0
DA:161,0
DA:162,0
DA:169,0
DA:176,0
DA:177,0
DA:184,0
DA:185,0
DA:186,0
DA:193,0
DA:202,0
DA:203,0
DA:204,0
DA:211,0
DA:212,0
DA:213,0
DA:214,0
DA:222,0
DA:225,0
DA:226,0
DA:227,0
DA:230,0
DA:232,0
DA:233,0
DA:244,0
DA:245,0
DA:246,0
DA:248,0
DA:249,0
DA:256,0
DA:262,0
DA:270,0
DA:274,0
DA:275,0
DA:286,0
DA:287,0
DA:289,0
DA:291,0
DA:292,0
DA:299,0
DA:316,0
DA:318,0
DA:319,0
DA:327,0
LF:82
LH:0
BRDA:28,0,0,0
BRDA:28,0,1,0
BRDA:72,1,0,0
BRDA:72,1,1,0
BRDA:80,2,0,0
BRDA:80,2,1,0
BRDA:89,3,0,0
BRDA:89,3,1,0
BRDA:97,4,0,0
BRDA:97,4,1,0
BRDA:97,5,0,0
BRDA:97,5,1,0
BRDA:98,6,0,0
BRDA:98,6,1,0
BRDA:113,7,0,0
BRDA:113,7,1,0
BRDA:114,8,0,0
BRDA:114,8,1,0
BRDA:120,9,0,0
BRDA:120,9,1,0
BRDA:121,10,0,0
BRDA:121,10,1,0
BRDA:131,11,0,0
BRDA:131,11,1,0
BRDA:161,12,0,0
BRDA:161,12,1,0
BRDA:176,13,0,0
BRDA:176,13,1,0
BRDA:184,14,0,0
BRDA:184,14,1,0
BRDA:202,15,0,0
BRDA:202,15,1,0
BRDA:202,16,0,0
BRDA:202,16,1,0
BRDA:211,17,0,0
BRDA:211,17,1,0
BRDA:211,18,0,0
BRDA:211,18,1,0
BRDA:212,19,0,0
BRDA:212,19,1,0
BRDA:225,20,0,0
BRDA:225,20,1,0
BRDA:226,21,0,0
BRDA:226,21,1,0
BRDA:248,22,0,0
BRDA:248,22,1,0
BRDA:265,23,0,0
BRDA:265,23,1,0
BRDA:291,24,0,0
BRDA:291,24,1,0
BRDA:307,25,0,0
BRDA:307,25,1,0
BRF:52
BRH:0
end_of_record
TN:
SF:controllers\prefeitura.controller.js
FN:9,(anonymous_0)
FN:51,(anonymous_1)
FN:79,(anonymous_2)
FN:121,(anonymous_3)
FN:143,(anonymous_4)
FN:150,(anonymous_5)
FN:174,(anonymous_6)
FN:203,(anonymous_7)
FN:229,(anonymous_8)
FN:236,(anonymous_9)
FN:260,(anonymous_10)
FN:313,(anonymous_11)
FN:351,(anonymous_12)
FN:378,(anonymous_13)
FN:389,(anonymous_14)
FN:430,(anonymous_15)
FN:489,(anonymous_16)
FN:517,(anonymous_17)
FNF:18
FNH:0
FNDA:0,(anonymous_0)
FNDA:0,(anonymous_1)
FNDA:0,(anonymous_2)
FNDA:0,(anonymous_3)
FNDA:0,(anonymous_4)
FNDA:0,(anonymous_5)
FNDA:0,(anonymous_6)
FNDA:0,(anonymous_7)
FNDA:0,(anonymous_8)
FNDA:0,(anonymous_9)
FNDA:0,(anonymous_10)
FNDA:0,(anonymous_11)
FNDA:0,(anonymous_12)
FNDA:0,(anonymous_13)
FNDA:0,(anonymous_14)
FNDA:0,(anonymous_15)
FNDA:0,(anonymous_16)
FNDA:0,(anonymous_17)
DA:1,0
DA:2,0
DA:3,0
DA:9,0
DA:10,0
DA:12,0
DA:13,0
DA:14,0
DA:17,0
DA:29,0
DA:30,0
DA:36,0
DA:37,0
DA:48,0
DA:51,0
DA:52,0
DA:53,0
DA:54,0
DA:57,0
DA:67,0
DA:68,0
DA:79,0
DA:80,0
DA:81,0
DA:84,0
DA:85,0
DA:92,0
DA:95,0
DA:96,0
DA:103,0
DA:104,0
DA:106,0
DA:108,0
DA:109,0
DA:121,0
DA:122,0
DA:123,0
DA:126,0
DA:127,0
DA:131,0
DA:133,0
DA:138,0
DA:141,0
DA:142,0
DA:143,0
DA:144,0
DA:149,0
DA:150,0
DA:155,0
DA:162,0
DA:174,0
DA:175,0
DA:176,0
DA:177,0
DA:180,0
DA:181,0
DA:188,0
DA:191,0
DA:192,0
DA:199,0
DA:201,0
DA:202,0
DA:203,0
DA:204,0
DA:205,0
DA:210,0
DA:214,0
DA:217,0
DA:219,0
DA:224,0
DA:227,0
DA:228,0
DA:229,0
DA:230,0
DA:235,0
DA:236,0
DA:241,0
DA:248,0
DA:260,0
DA:261,0
DA:262,0
DA:263,0
DA:266,0
DA:267,0
DA:274,0
DA:275,0
DA:282,0
DA:285,0
DA:286,0
DA:293,0
DA:295,0
DA:299,0
DA:300,0
DA:313,0
DA:314,0
DA:315,0
DA:318,0
DA:319,0
DA:326,0
DA:329,0
DA:330,0
DA:337,0
DA:341,0
DA:342,0
DA:349,0
DA:350,0
DA:351,0
DA:352,0
DA:353,0
DA:359,0
DA:361,0
DA:365,0
DA:366,0
DA:378,0
DA:379,0
DA:381,0
DA:384,0
DA:389,0
DA:390,0
DA:391,0
DA:399,0
DA:400,0
DA:402,0
DA:412,0
DA:418,0
DA:419,0
DA:430,0
DA:431,0
DA:432,0
DA:475,0
DA:477,0
DA:478,0
DA:489,0
DA:490,0
DA:491,0
DA:492,0
DA:495,0
DA:496,0
DA:503,0
DA:504,0
DA:511,0
DA:517,0
DA:518,0
DA:519,0
DA:526,0
DA:529,0
DA:530,0
DA:537,0
DA:538,0
DA:542,0
DA:544,0
DA:549,0
DA:550,0
DA:558,0
LF:154
LH:0
BRDA:12,0,0,0
BRDA:12,0,1,0
BRDA:13,1,0,0
BRDA:13,1,1,0
BRDA:29,2,0,0
BRDA:29,2,1,0
BRDA:36,3,0,0
BRDA:36,3,1,0
BRDA:84,4,0,0
BRDA:84,4,1,0
BRDA:95,5,0,0
BRDA:95,5,1,0
BRDA:126,6,0,0
BRDA:126,6,1,0
BRDA:141,7,0,0
BRDA:141,7,1,0
BRDA:144,8,0,0
BRDA:144,8,1,0
BRDA:149,9,0,0
BRDA:149,9,1,0
BRDA:149,10,0,0
BRDA:149,10,1,0
BRDA:180,11,0,0
BRDA:180,11,1,0
BRDA:191,12,0,0
BRDA:191,12,1,0
BRDA:199,13,0,0
BRDA:199,13,1,0
BRDA:201,14,0,0
BRDA:201,14,1,0
BRDA:204,15,0,0
BRDA:204,15,1,0
BRDA:204,16,0,0
BRDA:204,16,1,0
BRDA:227,17,0,0
BRDA:227,17,1,0
BRDA:230,18,0,0
BRDA:230,18,1,0
BRDA:235,19,0,0
BRDA:235,19,1,0
BRDA:235,20,0,0
BRDA:235,20,1,0
BRDA:266,21,0,0
BRDA:266,21,1,0
BRDA:274,22,0,0
BRDA:274,22,1,0
BRDA:285,23,0,0
BRDA:285,23,1,0
BRDA:318,24,0,0
BRDA:318,24,1,0
BRDA:329,25,0,0
BRDA:329,25,1,0
BRDA:341,26,0,0
BRDA:341,26,1,0
BRDA:349,27,0,0
BRDA:349,27,1,0
BRDA:352,28,0,0
BRDA:352,28,1,0
BRDA:352,29,0,0
BRDA:352,29,1,0
BRDA:495,30,0,0
BRDA:495,30,1,0
BRDA:503,31,0,0
BRDA:503,31,1,0
BRDA:503,32,0,0
BRDA:503,32,1,0
BRDA:518,33,0,0
BRDA:518,33,1,0
BRDA:529,34,0,0
BRDA:529,34,1,0
BRDA:537,35,0,0
BRDA:537,35,1,0
BRF:72
BRH:0
end_of_record
TN:
SF:controllers\relatorio.controller.js
FN:15,(anonymous_0)
FN:78,(anonymous_1)
FN:113,(anonymous_2)
FN:189,(anonymous_3)
FN:227,(anonymous_4)
FN:270,(anonymous_5)
FN:271,(anonymous_6)
FN:276,(anonymous_7)
FN:277,(anonymous_8)
FN:336,(anonymous_9)
FN:378,(anonymous_10)
FN:465,(anonymous_11)
FN:507,(anonymous_12)
FN:574,(anonymous_13)
FN:623,(anonymous_14)
FN:631,(anonymous_15)
FN:656,(anonymous_16)
FN:703,(anonymous_17)
FN:858,(anonymous_18)
FN:909,(anonymous_19)
FNF:20
FNH:0
FNDA:0,(anonymous_0)
FNDA:0,(anonymous_1)
FNDA:0,(anonymous_2)
FNDA:0,(anonymous_3)
FNDA:0,(anonymous_4)
FNDA:0,(anonymous_5)
FNDA:0,(anonymous_6)
FNDA:0,(anonymous_7)
FNDA:0,(anonymous_8)
FNDA:0,(anonymous_9)
FNDA:0,(anonymous_10)
FNDA:0,(anonymous_11)
FNDA:0,(anonymous_12)
FNDA:0,(anonymous_13)
FNDA:0,(anonymous_14)
FNDA:0,(anonymous_15)
FNDA:0,(anonymous_16)
FNDA:0,(anonymous_17)
FNDA:0,(anonymous_18)
FNDA:0,(anonymous_19)
DA:1,0
DA:2,0
DA:3,0
DA:4,0
DA:5,0
DA:6,0
DA:7,0
DA:8,0
DA:9,0
DA:10,0
DA:15,0
DA:16,0
DA:17,0
DA:18,0
DA:19,0
DA:22,0
DA:23,0
DA:27,0
DA:30,0
DA:31,0
DA:32,0
DA:33,0
DA:37,0
DA:38,0
DA:42,0
DA:43,0
DA:44,0
DA:45,0
DA:47,0
DA:48,0
DA:49,0
DA:50,0
DA:55,0
DA:61,0
DA:62,0
DA:63,0
DA:64,0
DA:65,0
DA:70,0
DA:71,0
DA:72,0
DA:73,0
DA:76,0
DA:78,0
DA:89,0
DA:100,0
DA:107,0
DA:108,0
DA:109,0
DA:111,0
DA:113,0
DA:124,0
DA:135,0
DA:141,0
DA:142,0
DA:143,0
DA:148,0
DA:151,0
DA:152,0
DA:155,0
DA:158,0
DA:159,0
DA:160,0
DA:161,0
DA:162,0
DA:164,0
DA:165,0
DA:168,0
DA:169,0
DA:170,0
DA:173,0
DA:174,0
DA:175,0
DA:178,0
DA:179,0
DA:180,0
DA:181,0
DA:182,0
DA:183,0
DA:186,0
DA:187,0
DA:189,0
DA:191,0
DA:192,0
DA:193,0
DA:196,0
DA:197,0
DA:198,0
DA:199,0
DA:200,0
DA:201,0
DA:203,0
DA:204,0
DA:207,0
DA:208,0
DA:209,0
DA:210,0
DA:212,0
DA:216,0
DA:219,0
DA:220,0
DA:227,0
DA:228,0
DA:229,0
DA:230,0
DA:231,0
DA:234,0
DA:235,0
DA:239,0
DA:240,0
DA:244,0
DA:247,0
DA:248,0
DA:252,0
DA:253,0
DA:254,0
DA:255,0
DA:257,0
DA:258,0
DA:259,0
DA:260,0
DA:265,0
DA:268,0
DA:269,0
DA:270,0
DA:271,0
DA:275,0
DA:276,0
DA:278,0
DA:279,0
DA:280,0
DA:282,0
DA:287,0
DA:290,0
DA:291,0
DA:294,0
DA:297,0
DA:298,0
DA:299,0
DA:300,0
DA:302,0
DA:303,0
DA:306,0
DA:309,0
DA:310,0
DA:311,0
DA:312,0
DA:313,0
DA:314,0
DA:315,0
DA:317,0
DA:320,0
DA:321,0
DA:322,0
DA:325,0
DA:326,0
DA:327,0
DA:328,0
DA:329,0
DA:330,0
DA:333,0
DA:334,0
DA:336,0
DA:338,0
DA:339,0
DA:340,0
DA:343,0
DA:344,0
DA:345,0
DA:346,0
DA:347,0
DA:348,0
DA:350,0
DA:351,0
DA:354,0
DA:355,0
DA:359,0
DA:360,0
DA:361,0
DA:362,0
DA:364,0
DA:368,0
DA:370,0
DA:371,0
DA:378,0
DA:379,0
DA:380,0
DA:381,0
DA:382,0
DA:385,0
DA:386,0
DA:390,0
DA:393,0
DA:394,0
DA:395,0
DA:396,0
DA:400,0
DA:401,0
DA:402,0
DA:403,0
DA:405,0
DA:406,0
DA:407,0
DA:408,0
DA:413,0
DA:419,0
DA:420,0
DA:421,0
DA:422,0
DA:423,0
DA:428,0
DA:431,0
DA:432,0
DA:435,0
DA:438,0
DA:439,0
DA:440,0
DA:441,0
DA:442,0
DA:444,0
DA:445,0
DA:446,0
DA:449,0
DA:450,0
DA:451,0
DA:454,0
DA:455,0
DA:456,0
DA:457,0
DA:458,0
DA:459,0
DA:462,0
DA:463,0
DA:465,0
DA:467,0
DA:468,0
DA:469,0
DA:472,0
DA:473,0
DA:474,0
DA:475,0
DA:476,0
DA:477,0
DA:479,0
DA:480,0
DA:483,0
DA:484,0
DA:488,0
DA:489,0
DA:490,0
DA:491,0
DA:493,0
DA:497,0
DA:499,0
DA:500,0
DA:507,0
DA:508,0
DA:509,0
DA:510,0
DA:511,0
DA:514,0
DA:515,0
DA:519,0
DA:522,0
DA:523,0
DA:524,0
DA:525,0
DA:529,0
DA:530,0
DA:534,0
DA:535,0
DA:539,0
DA:540,0
DA:541,0
DA:542,0
DA:544,0
DA:545,0
DA:546,0
DA:547,0
DA:552,0
DA:558,0
DA:559,0
DA:560,0
DA:561,0
DA:562,0
DA:567,0
DA:574,0
DA:576,0
DA:577,0
DA:579,0
DA:582,0
DA:583,0
DA:585,0
DA:589,0
DA:592,0
DA:593,0
DA:596,0
DA:599,0
DA:600,0
DA:601,0
DA:602,0
DA:603,0
DA:605,0
DA:606,0
DA:609,0
DA:610,0
DA:613,0
DA:616,0
DA:617,0
DA:618,0
DA:621,0
DA:622,0
DA:623,0
DA:624,0
DA:625,0
DA:629,0
DA:630,0
DA:631,0
DA:632,0
DA:633,0
DA:636,0
DA:639,0
DA:640,0
DA:641,0
DA:644,0
DA:645,0
DA:646,0
DA:647,0
DA:648,0
DA:649,0
DA:650,0
DA:653,0
DA:654,0
DA:656,0
DA:658,0
DA:659,0
DA:660,0
DA:663,0
DA:664,0
DA:665,0
DA:666,0
DA:667,0
DA:668,0
DA:669,0
DA:671,0
DA:672,0
DA:675,0
DA:679,0
DA:683,0
DA:684,0
DA:685,0
DA:686,0
DA:687,0
DA:689,0
DA:693,0
DA:695,0
DA:696,0
DA:703,0
DA:704,0
DA:705,0
DA:706,0
DA:707,0
DA:710,0
DA:711,0
DA:715,0
DA:716,0
DA:720,0
DA:723,0
DA:724,0
DA:729,0
DA:730,0
DA:734,0
DA:735,0
DA:739,0
DA:740,0
DA:741,0
DA:742,0
DA:744,0
DA:745,0
DA:746,0
DA:747,0
DA:752,0
DA:753,0
DA:755,0
DA:756,0
DA:760,0
DA:761,0
DA:765,0
DA:770,0
DA:771,0
DA:772,0
DA:773,0
DA:774,0
DA:779,0
DA:782,0
DA:783,0
DA:786,0
DA:789,0
DA:790,0
DA:793,0
DA:794,0
DA:795,0
DA:796,0
DA:799,0
DA:800,0
DA:801,0
DA:802,0
DA:805,0
DA:806,0
DA:808,0
DA:809,0
DA:813,0
DA:814,0
DA:815,0
DA:816,0
DA:817,0
DA:818,0
DA:819,0
DA:820,0
DA:823,0
DA:826,0
DA:827,0
DA:828,0
DA:830,0
DA:831,0
DA:832,0
DA:835,0
DA:836,0
DA:837,0
DA:840,0
DA:841,0
DA:842,0
DA:845,0
DA:849,0
DA:850,0
DA:851,0
DA:852,0
DA:854,0
DA:855,0
DA:858,0
DA:860,0
DA:861,0
DA:864,0
DA:868,0
DA:872,0
DA:876,0
DA:877,0
DA:878,0
DA:879,0
DA:881,0
DA:882,0
DA:885,0
DA:886,0
DA:889,0
DA:890,0
DA:893,0
DA:894,0
DA:897,0
DA:898,0
DA:901,0
DA:906,0
DA:907,0
DA:909,0
DA:910,0
DA:911,0
DA:913,0
DA:914,0
DA:921,0
DA:922,0
DA:926,0
DA:927,0
DA:928,0
DA:932,0
DA:934,0
DA:935,0
LF:475
LH:0
BRDA:17,0,0,0
BRDA:22,1,0,0
BRDA:22,1,1,0
BRDA:30,2,0,0
BRDA:30,2,1,0
BRDA:32,3,0,0
BRDA:32,3,1,0
BRDA:37,4,0,0
BRDA:37,4,1,0
BRDA:42,5,0,0
BRDA:42,5,1,0
BRDA:42,6,0,0
BRDA:42,6,1,0
BRDA:44,7,0,0
BRDA:44,7,1,0
BRDA:47,8,0,0
BRDA:47,8,1,0
BRDA:62,9,0,0
BRDA:62,9,1,0
BRDA:64,10,0,0
BRDA:64,10,1,0
BRDA:72,11,0,0
BRDA:72,11,1,0
BRDA:72,12,0,0
BRDA:72,12,1,0
BRDA:76,13,0,0
BRDA:76,13,1,0
BRDA:79,14,0,0
BRDA:79,14,1,0
BRDA:80,15,0,0
BRDA:80,15,1,0
BRDA:81,16,0,0
BRDA:81,16,1,0
BRDA:82,17,0,0
BRDA:82,17,1,0
BRDA:83,18,0,0
BRDA:83,18,1,0
BRDA:84,19,0,0
BRDA:84,19,1,0
BRDA:85,20,0,0
BRDA:85,20,1,0
BRDA:111,21,0,0
BRDA:111,21,1,0
BRDA:114,22,0,0
BRDA:114,22,1,0
BRDA:115,23,0,0
BRDA:115,23,1,0
BRDA:116,24,0,0
BRDA:116,24,1,0
BRDA:117,25,0,0
BRDA:117,25,1,0
BRDA:118,26,0,0
BRDA:118,26,1,0
BRDA:119,27,0,0
BRDA:119,27,1,0
BRDA:120,28,0,0
BRDA:120,28,1,0
BRDA:164,29,0,0
BRDA:164,29,1,0
BRDA:191,30,0,0
BRDA:191,30,1,0
BRDA:207,31,0,0
BRDA:207,31,1,0
BRDA:208,32,0,0
BRDA:208,32,1,0
BRDA:209,33,0,0
BRDA:209,33,1,0
BRDA:210,34,0,0
BRDA:210,34,1,0
BRDA:234,35,0,0
BRDA:234,35,1,0
BRDA:239,36,0,0
BRDA:239,36,1,0
BRDA:247,37,0,0
BRDA:247,37,1,0
BRDA:252,38,0,0
BRDA:252,38,1,0
BRDA:252,39,0,0
BRDA:252,39,1,0
BRDA:254,40,0,0
BRDA:254,40,1,0
BRDA:257,41,0,0
BRDA:257,41,1,0
BRDA:278,42,0,0
BRDA:278,42,1,0
BRDA:299,43,0,0
BRDA:299,43,1,0
BRDA:299,44,0,0
BRDA:299,44,1,0
BRDA:302,45,0,0
BRDA:302,45,1,0
BRDA:338,46,0,0
BRDA:338,46,1,0
BRDA:354,47,0,0
BRDA:354,47,1,0
BRDA:354,48,0,0
BRDA:354,48,1,0
BRDA:355,49,0,0
BRDA:355,49,1,0
BRDA:359,50,0,0
BRDA:359,50,1,0
BRDA:362,51,0,0
BRDA:362,51,1,0
BRDA:385,52,0,0
BRDA:385,52,1,0
BRDA:393,53,0,0
BRDA:393,53,1,0
BRDA:395,54,0,0
BRDA:395,54,1,0
BRDA:400,55,0,0
BRDA:400,55,1,0
BRDA:400,56,0,0
BRDA:400,56,1,0
BRDA:402,57,0,0
BRDA:402,57,1,0
BRDA:405,58,0,0
BRDA:405,58,1,0
BRDA:420,59,0,0
BRDA:420,59,1,0
BRDA:422,60,0,0
BRDA:422,60,1,0
BRDA:441,61,0,0
BRDA:441,61,1,0
BRDA:441,62,0,0
BRDA:441,62,1,0
BRDA:467,63,0,0
BRDA:467,63,1,0
BRDA:483,64,0,0
BRDA:483,64,1,0
BRDA:484,65,0,0
BRDA:484,65,1,0
BRDA:490,66,0,0
BRDA:490,66,1,0
BRDA:491,67,0,0
BRDA:491,67,1,0
BRDA:514,68,0,0
BRDA:514,68,1,0
BRDA:522,69,0,0
BRDA:522,69,1,0
BRDA:524,70,0,0
BRDA:524,70,1,0
BRDA:529,71,0,0
BRDA:529,71,1,0
BRDA:534,72,0,0
BRDA:534,72,1,0
BRDA:539,73,0,0
BRDA:539,73,1,0
BRDA:539,74,0,0
BRDA:539,74,1,0
BRDA:541,75,0,0
BRDA:541,75,1,0
BRDA:544,76,0,0
BRDA:544,76,1,0
BRDA:559,77,0,0
BRDA:559,77,1,0
BRDA:561,78,0,0
BRDA:561,78,1,0
BRDA:576,79,0,0
BRDA:576,79,1,0
BRDA:582,80,0,0
BRDA:582,80,1,0
BRDA:602,81,0,0
BRDA:602,81,1,0
BRDA:602,82,0,0
BRDA:602,82,1,0
BRDA:605,83,0,0
BRDA:605,83,1,0
BRDA:609,84,0,0
BRDA:609,84,1,0
BRDA:658,85,0,0
BRDA:658,85,1,0
BRDA:675,86,0,0
BRDA:675,86,1,0
BRDA:679,87,0,0
BRDA:679,87,1,0
BRDA:683,88,0,0
BRDA:683,88,1,0
BRDA:684,89,0,0
BRDA:684,89,1,0
BRDA:685,90,0,0
BRDA:685,90,1,0
BRDA:710,91,0,0
BRDA:710,91,1,0
BRDA:715,92,0,0
BRDA:715,92,1,0
BRDA:723,93,0,0
BRDA:723,93,1,0
BRDA:729,94,0,0
BRDA:729,94,1,0
BRDA:734,95,0,0
BRDA:734,95,1,0
BRDA:739,96,0,0
BRDA:739,96,1,0
BRDA:739,97,0,0
BRDA:739,97,1,0
BRDA:741,98,0,0
BRDA:741,98,1,0
BRDA:744,99,0,0
BRDA:744,99,1,0
BRDA:755,100,0,0
BRDA:755,100,1,0
BRDA:760,101,0,0
BRDA:760,101,1,0
BRDA:760,102,0,0
BRDA:760,102,1,0
BRDA:771,103,0,0
BRDA:771,103,1,0
BRDA:773,104,0,0
BRDA:773,104,1,0
BRDA:799,105,0,0
BRDA:799,105,1,0
BRDA:805,106,0,0
BRDA:805,106,1,0
BRDA:808,107,0,0
BRDA:808,107,1,0
BRDA:813,108,0,0
BRDA:813,108,1,0
BRDA:815,109,0,0
BRDA:815,109,1,0
BRDA:817,110,0,0
BRDA:817,110,1,0
BRDA:819,111,0,0
BRDA:819,111,1,0
BRDA:826,112,0,0
BRDA:826,112,1,0
BRDA:826,113,0,0
BRDA:826,113,1,0
BRDA:826,113,2,0
BRDA:826,113,3,0
BRDA:830,114,0,0
BRDA:830,114,1,0
BRDA:835,115,0,0
BRDA:835,115,1,0
BRDA:840,116,0,0
BRDA:840,116,1,0
BRDA:840,117,0,0
BRDA:840,117,1,0
BRDA:841,118,0,0
BRDA:841,118,1,0
BRDA:841,119,0,0
BRDA:841,119,1,0
BRDA:854,120,0,0
BRDA:854,120,1,0
BRDA:860,121,0,0
BRDA:860,121,1,0
BRDA:860,122,0,0
BRDA:860,122,1,0
BRDA:864,123,0,0
BRDA:864,123,1,0
BRDA:868,124,0,0
BRDA:868,124,1,0
BRDA:872,125,0,0
BRDA:872,125,1,0
BRDA:881,126,0,0
BRDA:881,126,1,0
BRDA:885,127,0,0
BRDA:885,127,1,0
BRDA:885,128,0,0
BRDA:885,128,1,0
BRDA:885,128,2,0
BRDA:886,129,0,0
BRDA:886,129,1,0
BRDA:886,130,0,0
BRDA:886,130,1,0
BRDA:886,131,0,0
BRDA:886,131,1,0
BRDA:889,132,0,0
BRDA:889,132,1,0
BRDA:889,133,0,0
BRDA:889,133,1,0
BRDA:890,134,0,0
BRDA:890,134,1,0
BRDA:893,135,0,0
BRDA:893,135,1,0
BRDA:894,136,0,0
BRDA:894,136,1,0
BRDA:897,137,0,0
BRDA:897,137,1,0
BRF:278
BRH:0
end_of_record
TN:
SF:controllers\solicitacao-tfd.controller.js
FN:12,(anonymous_0)
FN:85,(anonymous_1)
FN:116,(anonymous_2)
FN:183,(anonymous_3)
FN:256,(anonymous_4)
FN:316,(anonymous_5)
FN:364,(anonymous_6)
FN:420,(anonymous_7)
FN:446,(anonymous_8)
FN:469,(anonymous_9)
FN:481,(anonymous_10)
FN:493,(anonymous_11)
FNF:12
FNH:0
FNDA:0,(anonymous_0)
FNDA:0,(anonymous_1)
FNDA:0,(anonymous_2)
FNDA:0,(anonymous_3)
FNDA:0,(anonymous_4)
FNDA:0,(anonymous_5)
FNDA:0,(anonymous_6)
FNDA:0,(anonymous_7)
FNDA:0,(anonymous_8)
FNDA:0,(anonymous_9)
FNDA:0,(anonymous_10)
FNDA:0,(anonymous_11)
DA:1,0
DA:2,0
DA:3,0
DA:13,0
DA:25,0
DA:27,0
DA:28,0
DA:31,0
DA:32,0
DA:33,0
DA:34,0
DA:35,0
DA:38,0
DA:39,0
DA:40,0
DA:41,0
DA:45,0
DA:46,0
DA:54,0
DA:55,0
DA:58,0
DA:66,0
DA:68,0
DA:78,0
DA:86,0
DA:87,0
DA:89,0
DA:97,0
DA:98,0
DA:102,0
DA:104,0
DA:107,0
DA:109,0
DA:117,0
DA:131,0
DA:134,0
DA:135,0
DA:136,0
DA:137,0
DA:138,0
DA:142,0
DA:144,0
DA:163,0
DA:172,0
DA:174,0
DA:176,0
DA:184,0
DA:185,0
DA:199,0
DA:201,0
DA:203,0
DA:204,0
DA:208,0
DA:210,0
DA:213,0
DA:214,0
DA:218,0
DA:219,0
DA:228,0
DA:229,0
DA:230,0
DA:231,0
DA:232,0
DA:233,0
DA:234,0
DA:235,0
DA:236,0
DA:237,0
DA:238,0
DA:239,0
DA:242,0
DA:243,0
DA:245,0
DA:247,0
DA:249,0
DA:257,0
DA:258,0
DA:259,0
DA:261,0
DA:262,0
DA:265,0
DA:267,0
DA:268,0
DA:272,0
DA:274,0
DA:277,0
DA:278,0
DA:282,0
DA:285,0
DA:288,0
DA:289,0
DA:293,0
DA:302,0
DA:303,0
DA:305,0
DA:307,0
DA:309,0
DA:317,0
DA:318,0
DA:319,0
DA:321,0
DA:322,0
DA:325,0
DA:327,0
DA:328,0
DA:332,0
DA:334,0
DA:338,0
DA:344,0
DA:347,0
DA:349,0
DA:355,0
DA:357,0
DA:365,0
DA:366,0
DA:367,0
DA:369,0
DA:370,0
DA:373,0
DA:375,0
DA:376,0
DA:380,0
DA:382,0
DA:385,0
DA:386,0
DA:390,0
DA:393,0
DA:394,0
DA:397,0
DA:406,0
DA:407,0
DA:409,0
DA:411,0
DA:413,0
DA:421,0
DA:422,0
DA:424,0
DA:426,0
DA:427,0
DA:431,0
DA:432,0
DA:435,0
DA:437,0
DA:439,0
DA:447,0
DA:448,0
DA:449,0
DA:452,0
DA:454,0
DA:455,0
DA:459,0
DA:462,0
DA:468,0
DA:469,0
DA:470,0
DA:474,0
DA:480,0
DA:481,0
DA:482,0
DA:486,0
DA:492,0
DA:493,0
DA:494,0
DA:498,0
DA:499,0
DA:500,0
DA:502,0
DA:508,0
DA:517,0
DA:518,0
DA:523,0
LF:171
LH:0
BRDA:15,0,0,0
BRDA:16,1,0,0
BRDA:31,2,0,0
BRDA:31,2,1,0
BRDA:32,3,0,0
BRDA:32,3,1,0
BRDA:33,4,0,0
BRDA:33,4,1,0
BRDA:34,5,0,0
BRDA:34,5,1,0
BRDA:35,6,0,0
BRDA:35,6,1,0
BRDA:38,7,0,0
BRDA:38,7,1,0
BRDA:38,8,0,0
BRDA:38,8,1,0
BRDA:40,9,0,0
BRDA:40,9,1,0
BRDA:41,10,0,0
BRDA:41,10,1,0
BRDA:45,11,0,0
BRDA:45,11,1,0
BRDA:54,12,0,0
BRDA:54,12,1,0
BRDA:97,13,0,0
BRDA:97,13,1,0
BRDA:102,14,0,0
BRDA:102,14,1,0
BRDA:102,15,0,0
BRDA:102,15,1,0
BRDA:135,16,0,0
BRDA:135,16,1,0
BRDA:137,17,0,0
BRDA:137,17,1,0
BRDA:203,18,0,0
BRDA:203,18,1,0
BRDA:208,19,0,0
BRDA:208,19,1,0
BRDA:208,20,0,0
BRDA:208,20,1,0
BRDA:213,21,0,0
BRDA:213,21,1,0
BRDA:218,22,0,0
BRDA:218,22,1,0
BRDA:218,23,0,0
BRDA:218,23,1,0
BRDA:228,24,0,0
BRDA:228,24,1,0
BRDA:229,25,0,0
BRDA:229,25,1,0
BRDA:230,26,0,0
BRDA:230,26,1,0
BRDA:231,27,0,0
BRDA:231,27,1,0
BRDA:232,28,0,0
BRDA:232,28,1,0
BRDA:233,29,0,0
BRDA:233,29,1,0
BRDA:234,30,0,0
BRDA:234,30,1,0
BRDA:235,31,0,0
BRDA:235,31,1,0
BRDA:236,32,0,0
BRDA:236,32,1,0
BRDA:237,33,0,0
BRDA:237,33,1,0
BRDA:238,34,0,0
BRDA:238,34,1,0
BRDA:239,35,0,0
BRDA:239,35,1,0
BRDA:261,36,0,0
BRDA:261,36,1,0
BRDA:267,37,0,0
BRDA:267,37,1,0
BRDA:272,38,0,0
BRDA:272,38,1,0
BRDA:272,39,0,0
BRDA:272,39,1,0
BRDA:277,40,0,0
BRDA:277,40,1,0
BRDA:288,41,0,0
BRDA:288,41,1,0
BRDA:288,42,0,0
BRDA:288,42,1,0
BRDA:321,43,0,0
BRDA:321,43,1,0
BRDA:327,44,0,0
BRDA:327,44,1,0
BRDA:332,45,0,0
BRDA:332,45,1,0
BRDA:332,46,0,0
BRDA:332,46,1,0
BRDA:369,47,0,0
BRDA:369,47,1,0
BRDA:375,48,0,0
BRDA:375,48,1,0
BRDA:380,49,0,0
BRDA:380,49,1,0
BRDA:380,50,0,0
BRDA:380,50,1,0
BRDA:385,51,0,0
BRDA:385,51,1,0
BRDA:426,52,0,0
BRDA:426,52,1,0
BRDA:431,53,0,0
BRDA:431,53,1,0
BRDA:454,54,0,0
BRDA:454,54,1,0
BRF:108
BRH:0
end_of_record
TN:
SF:controllers\user.controller.js
FN:10,(anonymous_0)
FN:75,(anonymous_1)
FN:116,(anonymous_2)
FN:183,(anonymous_3)
FN:287,(anonymous_4)
FN:419,(anonymous_5)
FN:494,(anonymous_6)
FN:559,(anonymous_7)
FNF:8
FNH:0
FNDA:0,(anonymous_0)
FNDA:0,(anonymous_1)
FNDA:0,(anonymous_2)
FNDA:0,(anonymous_3)
FNDA:0,(anonymous_4)
FNDA:0,(anonymous_5)
FNDA:0,(anonymous_6)
FNDA:0,(anonymous_7)
DA:1,0
DA:2,0
DA:3,0
DA:4,0
DA:5,0
DA:10,0
DA:11,0
DA:13,0
DA:14,0
DA:15,0
DA:17,0
DA:18,0
DA:19,0
DA:20,0
DA:23,0
DA:24,0
DA:27,0
DA:28,0
DA:36,0
DA:37,0
DA:41,0
DA:42,0
DA:43,0
DA:44,0
DA:48,0
DA:50,0
DA:51,0
DA:53,0
DA:57,0
DA:72,0
DA:75,0
DA:94,0
DA:104,0
DA:105,0
DA:116,0
DA:117,0
DA:118,0
DA:121,0
DA:132,0
DA:133,0
DA:140,0
DA:142,0
DA:149,0
DA:169,0
DA:171,0
DA:172,0
DA:183,0
DA:184,0
DA:195,0
DA:198,0
DA:199,0
DA:206,0
DA:215,0
DA:216,0
DA:223,0
DA:224,0
DA:231,0
DA:232,0
DA:233,0
DA:238,0
DA:240,0
DA:247,0
DA:260,0
DA:261,0
DA:265,0
DA:268,0
DA:270,0
DA:275,0
DA:276,0
DA:287,0
DA:288,0
DA:289,0
DA:298,0
DA:301,0
DA:304,0
DA:305,0
DA:312,0
DA:314,0
DA:321,0
DA:322,0
DA:332,0
DA:333,0
DA:341,0
DA:343,0
DA:344,0
DA:345,0
DA:346,0
DA:349,0
DA:350,0
DA:352,0
DA:353,0
DA:359,0
DA:363,0
DA:364,0
DA:365,0
DA:366,0
DA:371,0
DA:372,0
DA:376,0
DA:378,0
DA:379,0
DA:380,0
DA:381,0
DA:385,0
DA:389,0
DA:392,0
DA:402,0
DA:407,0
DA:408,0
DA:419,0
DA:420,0
DA:421,0
DA:422,0
DA:425,0
DA:426,0
DA:433,0
DA:436,0
DA:437,0
DA:444,0
DA:445,0
DA:449,0
DA:451,0
DA:452,0
DA:459,0
DA:460,0
DA:461,0
DA:466,0
DA:468,0
DA:475,0
DA:476,0
DA:478,0
DA:482,0
DA:483,0
DA:494,0
DA:495,0
DA:496,0
DA:497,0
DA:500,0
DA:501,0
DA:508,0
DA:511,0
DA:512,0
DA:519,0
DA:521,0
DA:528,0
DA:529,0
DA:536,0
DA:538,0
DA:547,0
DA:548,0
DA:559,0
DA:560,0
DA:561,0
DA:564,0
DA:565,0
DA:572,0
DA:575,0
DA:576,0
DA:583,0
DA:585,0
DA:592,0
DA:593,0
DA:594,0
DA:595,0
DA:600,0
DA:602,0
DA:606,0
DA:607,0
DA:615,0
LF:169
LH:0
BRDA:13,0,0,0
BRDA:13,0,1,0
BRDA:14,1,0,0
BRDA:14,1,1,0
BRDA:17,2,0,0
BRDA:17,2,1,0
BRDA:27,3,0,0
BRDA:27,3,1,0
BRDA:36,4,0,0
BRDA:36,4,1,0
BRDA:41,5,0,0
BRDA:41,5,1,0
BRDA:43,6,0,0
BRDA:43,6,1,0
BRDA:48,7,0,0
BRDA:48,7,1,0
BRDA:51,8,0,0
BRDA:51,8,1,0
BRDA:82,9,0,0
BRDA:82,9,1,0
BRDA:132,10,0,0
BRDA:132,10,1,0
BRDA:140,11,0,0
BRDA:140,11,1,0
BRDA:140,12,0,0
BRDA:140,12,1,0
BRDA:156,13,0,0
BRDA:156,13,1,0
BRDA:194,14,0,0
BRDA:198,15,0,0
BRDA:198,15,1,0
BRDA:198,16,0,0
BRDA:198,16,1,0
BRDA:198,16,2,0
BRDA:198,16,3,0
BRDA:198,16,4,0
BRDA:215,17,0,0
BRDA:215,17,1,0
BRDA:223,18,0,0
BRDA:223,18,1,0
BRDA:231,19,0,0
BRDA:231,19,1,0
BRDA:232,20,0,0
BRDA:232,20,1,0
BRDA:232,21,0,0
BRDA:232,21,1,0
BRDA:238,22,0,0
BRDA:238,22,1,0
BRDA:238,23,0,0
BRDA:238,23,1,0
BRDA:254,24,0,0
BRDA:254,24,1,0
BRDA:256,25,0,0
BRDA:256,25,1,0
BRDA:260,26,0,0
BRDA:260,26,1,0
BRDA:304,27,0,0
BRDA:304,27,1,0
BRDA:312,28,0,0
BRDA:312,28,1,0
BRDA:312,29,0,0
BRDA:312,29,1,0
BRDA:321,30,0,0
BRDA:321,30,1,0
BRDA:321,31,0,0
BRDA:321,31,1,0
BRDA:321,31,2,0
BRDA:321,31,3,0
BRDA:326,32,0,0
BRDA:326,32,1,0
BRDA:327,33,0,0
BRDA:327,33,1,0
BRDA:332,34,0,0
BRDA:332,34,1,0
BRDA:343,35,0,0
BRDA:343,35,1,0
BRDA:344,36,0,0
BRDA:344,36,1,0
BRDA:345,37,0,0
BRDA:345,37,1,0
BRDA:346,38,0,0
BRDA:346,38,1,0
BRDA:349,39,0,0
BRDA:349,39,1,0
BRDA:350,40,0,0
BRDA:350,40,1,0
BRDA:352,41,0,0
BRDA:352,41,1,0
BRDA:363,42,0,0
BRDA:363,42,1,0
BRDA:365,43,0,0
BRDA:365,43,1,0
BRDA:371,44,0,0
BRDA:371,44,1,0
BRDA:376,45,0,0
BRDA:376,45,1,0
BRDA:378,46,0,0
BRDA:378,46,1,0
BRDA:380,47,0,0
BRDA:380,47,1,0
BRDA:425,48,0,0
BRDA:425,48,1,0
BRDA:425,49,0,0
BRDA:425,49,1,0
BRDA:436,50,0,0
BRDA:436,50,1,0
BRDA:445,51,0,0
BRDA:445,51,1,0
BRDA:445,51,2,0
BRDA:449,52,0,0
BRDA:449,52,1,0
BRDA:451,53,0,0
BRDA:451,53,1,0
BRDA:460,54,0,0
BRDA:460,54,1,0
BRDA:466,55,0,0
BRDA:466,55,1,0
BRDA:500,56,0,0
BRDA:500,56,1,0
BRDA:511,57,0,0
BRDA:511,57,1,0
BRDA:519,58,0,0
BRDA:519,58,1,0
BRDA:519,59,0,0
BRDA:519,59,1,0
BRDA:528,60,0,0
BRDA:528,60,1,0
BRDA:528,61,0,0
BRDA:528,61,1,0
BRDA:539,62,0,0
BRDA:539,62,1,0
BRDA:564,63,0,0
BRDA:564,63,1,0
BRDA:575,64,0,0
BRDA:575,64,1,0
BRDA:583,65,0,0
BRDA:583,65,1,0
BRDA:583,66,0,0
BRDA:583,66,1,0
BRDA:592,67,0,0
BRDA:592,67,1,0
BRDA:594,68,0,0
BRDA:594,68,1,0
BRF:143
BRH:0
end_of_record
TN:
SF:services\agendamento-relatorio.service.js
FN:9,(anonymous_0)
FN:52,(anonymous_1)
FN:66,(anonymous_2)
FN:80,(anonymous_3)
FN:94,(anonymous_4)
FN:109,(anonymous_5)
FN:125,(anonymous_6)
FN:138,(anonymous_7)
FN:202,(anonymous_8)
FN:242,(anonymous_9)
FNF:10
FNH:0
FNDA:0,(anonymous_0)
FNDA:0,(anonymous_1)
FNDA:0,(anonymous_2)
FNDA:0,(anonymous_3)
FNDA:0,(anonymous_4)
FNDA:0,(anonymous_5)
FNDA:0,(anonymous_6)
FNDA:0,(anonymous_7)
FNDA:0,(anonymous_8)
FNDA:0,(anonymous_9)
DA:1,0
DA:2,0
DA:3,0
DA:4,0
DA:9,0
DA:10,0
DA:13,0
DA:15,0
DA:16,0
DA:19,0
DA:20,0
DA:23,0
DA:24,0
DA:28,0
DA:36,0
DA:38,0
DA:52,0
DA:53,0
DA:56,0
DA:57,0
DA:60,0
DA:66,0
DA:68,0
DA:71,0
DA:72,0
DA:74,0
DA:80,0
DA:81,0
DA:83,0
DA:84,0
DA:88,0
DA:94,0
DA:95,0
DA:96,0
DA:101,0
DA:103,0
DA:109,0
DA:110,0
DA:112,0
DA:113,0
DA:116,0
DA:117,0
DA:119,0
DA:125,0
DA:126,0
DA:128,0
DA:129,0
DA:132,0
DA:138,0
DA:139,0
DA:141,0
DA:142,0
DA:145,0
DA:147,0
DA:148,0
DA:149,0
DA:152,0
DA:159,0
DA:160,0
DA:173,0
DA:174,0
DA:177,0
DA:178,0
DA:181,0
DA:183,0
DA:189,0
DA:190,0
DA:191,0
DA:192,0
DA:194,0
DA:202,0
DA:203,0
DA:206,0
DA:212,0
DA:214,0
DA:217,0
DA:218,0
DA:219,0
DA:220,0
DA:226,0
DA:235,0
DA:242,0
DA:243,0
DA:244,0
DA:245,0
DA:247,0
DA:250,0
DA:251,0
DA:254,0
DA:257,0
DA:261,0
DA:262,0
DA:264,0
DA:265,0
DA:266,0
DA:269,0
DA:270,0
DA:274,0
DA:275,0
DA:278,0
DA:281,0
DA:282,0
DA:286,0
DA:287,0
DA:288,0
DA:290,0
DA:294,0
DA:297,0
DA:300,0
LF:109
LH:0
BRDA:9,0,0,0
BRDA:9,1,0,0
BRDA:15,2,0,0
BRDA:15,2,1,0
BRDA:19,3,0,0
BRDA:19,3,1,0
BRDA:20,4,0,0
BRDA:20,4,1,0
BRDA:23,5,0,0
BRDA:23,5,1,0
BRDA:29,6,0,0
BRDA:29,6,1,0
BRDA:30,7,0,0
BRDA:30,7,1,0
BRDA:56,8,0,0
BRDA:56,8,1,0
BRDA:83,9,0,0
BRDA:83,9,1,0
BRDA:95,10,0,0
BRDA:95,10,1,0
BRDA:112,11,0,0
BRDA:112,11,1,0
BRDA:128,12,0,0
BRDA:128,12,1,0
BRDA:141,13,0,0
BRDA:141,13,1,0
BRDA:159,14,0,0
BRDA:159,14,1,0
BRDA:159,15,0,0
BRDA:159,15,1,0
BRDA:163,16,0,0
BRDA:163,16,1,0
BRDA:177,17,0,0
BRDA:177,17,1,0
BRDA:177,18,0,0
BRDA:177,18,1,0
BRDA:190,19,0,0
BRDA:190,19,1,0
BRDA:250,20,0,0
BRDA:250,20,1,0
BRDA:254,21,0,0
BRDA:254,21,1,0
BRDA:254,21,2,0
BRDA:254,21,3,0
BRDA:265,22,0,0
BRDA:265,22,1,0
BRDA:281,23,0,0
BRDA:281,23,1,0
BRDA:287,24,0,0
BRDA:287,24,1,0
BRF:50
BRH:0
end_of_record
TN:
SF:services\relatorio-agendamento.service.js
FN:23,(anonymous_0)
FN:46,(anonymous_1)
FN:52,(anonymous_2)
FN:63,(anonymous_3)
FN:86,(anonymous_4)
FN:111,(anonymous_5)
FN:117,(anonymous_6)
FN:127,(anonymous_7)
FN:237,(anonymous_8)
FN:283,(anonymous_9)
FN:316,(anonymous_10)
FN:352,(anonymous_11)
FN:391,(anonymous_12)
FN:423,(anonymous_13)
FN:447,(anonymous_14)
FN:462,(anonymous_15)
FNF:16
FNH:0
FNDA:0,(anonymous_0)
FNDA:0,(anonymous_1)
FNDA:0,(anonymous_2)
FNDA:0,(anonymous_3)
FNDA:0,(anonymous_4)
FNDA:0,(anonymous_5)
FNDA:0,(anonymous_6)
FNDA:0,(anonymous_7)
FNDA:0,(anonymous_8)
FNDA:0,(anonymous_9)
FNDA:0,(anonymous_10)
FNDA:0,(anonymous_11)
FNDA:0,(anonymous_12)
FNDA:0,(anonymous_13)
FNDA:0,(anonymous_14)
FNDA:0,(anonymous_15)
DA:1,0
DA:2,0
DA:3,0
DA:4,0
DA:5,0
DA:6,0
DA:7,0
DA:10,0
DA:11,0
DA:14,0
DA:15,0
DA:16,0
DA:17,0
DA:24,0
DA:25,0
DA:35,0
DA:38,0
DA:39,0
DA:47,0
DA:48,0
DA:49,0
DA:52,0
DA:54,0
DA:56,0
DA:64,0
DA:65,0
DA:70,0
DA:71,0
DA:74,0
DA:76,0
DA:77,0
DA:88,0
DA:89,0
DA:90,0
DA:94,0
DA:95,0
DA:98,0
DA:99,0
DA:100,0
DA:101,0
DA:105,0
DA:106,0
DA:108,0
DA:111,0
DA:112,0
DA:116,0
DA:117,0
DA:128,0
DA:130,0
DA:131,0
DA:132,0
DA:133,0
DA:136,0
DA:138,0
DA:142,0
DA:143,0
DA:146,0
DA:150,0
DA:151,0
DA:154,0
DA:158,0
DA:159,0
DA:164,0
DA:168,0
DA:170,0
DA:171,0
DA:172,0
DA:174,0
DA:175,0
DA:176,0
DA:178,0
DA:179,0
DA:183,0
DA:184,0
DA:187,0
DA:188,0
DA:199,0
DA:202,0
DA:203,0
DA:210,0
DA:211,0
DA:212,0
DA:215,0
DA:216,0
DA:218,0
DA:221,0
DA:227,0
DA:238,0
DA:240,0
DA:242,0
DA:245,0
DA:247,0
DA:250,0
DA:253,0
DA:256,0
DA:259,0
DA:262,0
DA:265,0
DA:268,0
DA:284,0
DA:285,0
DA:287,0
DA:302,0
DA:303,0
DA:305,0
DA:306,0
DA:317,0
DA:319,0
DA:323,0
DA:330,0
DA:333,0
DA:334,0
DA:335,0
DA:338,0
DA:340,0
DA:341,0
DA:353,0
DA:355,0
DA:356,0
DA:359,0
DA:366,0
DA:368,0
DA:369,0
DA:370,0
DA:374,0
DA:377,0
DA:379,0
DA:380,0
DA:392,0
DA:393,0
DA:400,0
DA:401,0
DA:402,0
DA:406,0
DA:407,0
DA:410,0
DA:412,0
DA:413,0
DA:424,0
DA:426,0
DA:427,0
DA:428,0
DA:432,0
DA:434,0
DA:436,0
DA:437,0
DA:448,0
DA:449,0
DA:451,0
DA:452,0
DA:463,0
DA:464,0
DA:466,0
DA:467,0
DA:470,0
DA:472,0
DA:473,0
DA:478,0
LF:158
LH:0
BRDA:26,0,0,0
BRDA:26,0,1,0
BRDA:27,1,0,0
BRDA:27,1,1,0
BRDA:30,2,0,0
BRDA:30,2,1,0
BRDA:31,3,0,0
BRDA:31,3,1,0
BRDA:38,4,0,0
BRDA:38,4,1,0
BRDA:88,5,0,0
BRDA:88,5,1,0
BRDA:98,6,0,0
BRDA:98,6,1,0
BRDA:136,7,0,0
BRDA:136,7,1,0
BRDA:136,7,2,0
BRDA:136,7,3,0
BRDA:139,8,0,0
BRDA:139,8,1,0
BRDA:140,9,0,0
BRDA:140,9,1,0
BRDA:147,10,0,0
BRDA:147,10,1,0
BRDA:148,11,0,0
BRDA:148,11,1,0
BRDA:155,12,0,0
BRDA:155,12,1,0
BRDA:156,13,0,0
BRDA:156,13,1,0
BRDA:168,14,0,0
BRDA:168,14,1,0
BRDA:168,14,2,0
BRDA:187,15,0,0
BRDA:187,15,1,0
BRDA:187,16,0,0
BRDA:187,16,1,0
BRDA:190,17,0,0
BRDA:190,17,1,0
BRDA:210,18,0,0
BRDA:210,18,1,0
BRDA:240,19,0,0
BRDA:240,19,1,0
BRDA:245,20,0,0
BRDA:245,20,1,0
BRDA:245,20,2,0
BRDA:245,20,3,0
BRDA:245,20,4,0
BRDA:245,20,5,0
BRDA:245,20,6,0
BRDA:245,20,7,0
BRDA:319,21,0,0
BRDA:319,21,1,0
BRDA:334,22,0,0
BRDA:334,22,1,0
BRDA:355,23,0,0
BRDA:355,23,1,0
BRDA:366,24,0,0
BRDA:366,24,1,0
BRDA:368,25,0,0
BRDA:368,25,1,0
BRDA:400,26,0,0
BRDA:400,26,1,0
BRDA:400,27,0,0
BRDA:400,27,1,0
BRDA:406,28,0,0
BRDA:406,28,1,0
BRDA:426,29,0,0
BRDA:426,29,1,0
BRDA:447,30,0,0
BRDA:466,31,0,0
BRDA:466,31,1,0
BRF:72
BRH:0
end_of_record
TN:
SF:services\relatorio-cache.service.js
FN:11,(anonymous_0)
FN:20,(anonymous_1)
FN:31,(anonymous_2)
FN:42,(anonymous_3)
FN:47,(anonymous_4)
FN:66,(anonymous_5)
FN:94,(anonymous_6)
FN:128,(anonymous_7)
FN:155,(anonymous_8)
FN:180,(anonymous_9)
FN:183,(anonymous_10)
FN:212,(anonymous_11)
FN:215,(anonymous_12)
FNF:13
FNH:0
FNDA:0,(anonymous_0)
FNDA:0,(anonymous_1)
FNDA:0,(anonymous_2)
FNDA:0,(anonymous_3)
FNDA:0,(anonymous_4)
FNDA:0,(anonymous_5)
FNDA:0,(anonymous_6)
FNDA:0,(anonymous_7)
FNDA:0,(anonymous_8)
FNDA:0,(anonymous_9)
FNDA:0,(anonymous_10)
FNDA:0,(anonymous_11)
FNDA:0,(anonymous_12)
DA:1,0
DA:2,0
DA:3,0
DA:4,0
DA:12,0
DA:13,0
DA:14,0
DA:21,0
DA:22,0
DA:23,0
DA:24,0
DA:26,0
DA:31,0
DA:44,0
DA:48,0
DA:49,0
DA:54,0
DA:67,0
DA:68,0
DA:70,0
DA:71,0
DA:74,0
DA:75,0
DA:76,0
DA:79,0
DA:81,0
DA:82,0
DA:95,0
DA:96,0
DA:97,0
DA:100,0
DA:101,0
DA:104,0
DA:107,0
DA:114,0
DA:115,0
DA:117,0
DA:118,0
DA:129,0
DA:131,0
DA:132,0
DA:135,0
DA:136,0
DA:139,0
DA:140,0
DA:142,0
DA:144,0
DA:145,0
DA:156,0
DA:157,0
DA:158,0
DA:160,0
DA:161,0
DA:164,0
DA:165,0
DA:168,0
DA:170,0
DA:171,0
DA:181,0
DA:182,0
DA:183,0
DA:184,0
DA:186,0
DA:187,0
DA:188,0
DA:191,0
DA:193,0
DA:194,0
DA:195,0
DA:199,0
DA:200,0
DA:202,0
DA:203,0
DA:213,0
DA:214,0
DA:215,0
DA:216,0
DA:218,0
DA:219,0
DA:220,0
DA:222,0
DA:223,0
DA:226,0
DA:228,0
DA:235,0
DA:239,0
DA:241,0
DA:242,0
DA:247,0
LF:89
LH:0
BRDA:21,0,0,0
BRDA:21,0,1,0
BRDA:45,1,0,0
BRDA:45,1,1,0
BRDA:70,2,0,0
BRDA:70,2,1,0
BRDA:70,3,0,0
BRDA:70,3,1,0
BRDA:94,4,0,0
BRDA:131,5,0,0
BRDA:131,5,1,0
BRDA:160,6,0,0
BRDA:160,6,1,0
BRDA:164,7,0,0
BRDA:164,7,1,0
BRDA:191,8,0,0
BRDA:191,8,1,0
BRF:17
BRH:0
end_of_record
TN:
SF:services\relatorio.service.js
FN:23,(anonymous_0)
FN:30,(anonymous_1)
FN:52,(anonymous_2)
FN:53,(anonymous_3)
FN:88,(anonymous_4)
FN:98,(anonymous_5)
FN:129,(anonymous_6)
FN:145,(anonymous_7)
FN:160,(anonymous_8)
FNF:9
FNH:0
FNDA:0,(anonymous_0)
FNDA:0,(anonymous_1)
FNDA:0,(anonymous_2)
FNDA:0,(anonymous_3)
FNDA:0,(anonymous_4)
FNDA:0,(anonymous_5)
FNDA:0,(anonymous_6)
FNDA:0,(anonymous_7)
FNDA:0,(anonymous_8)
DA:1,0
DA:2,0
DA:3,0
DA:4,0
DA:5,0
DA:6,0
DA:7,0
DA:24,0
DA:26,0
DA:27,0
DA:30,0
DA:37,0
DA:38,0
DA:43,0
DA:49,0
DA:52,0
DA:53,0
DA:54,0
DA:62,0
DA:67,0
DA:72,0
DA:74,0
DA:75,0
DA:89,0
DA:91,0
DA:92,0
DA:93,0
DA:96,0
DA:98,0
DA:107,0
DA:110,0
DA:113,0
DA:115,0
DA:117,0
DA:118,0
DA:130,0
DA:132,0
DA:133,0
DA:135,0
DA:146,0
DA:148,0
DA:161,0
DA:164,0
DA:167,0
DA:168,0
DA:172,0
DA:173,0
DA:176,0
DA:180,0
LF:49
LH:0
BRDA:33,0,0,0
BRDA:33,0,1,0
BRDA:129,1,0,0
BRDA:130,2,0,0
BRDA:130,2,1,0
BRDA:146,3,0,0
BRDA:146,3,1,0
BRDA:146,4,0,0
BRDA:146,4,1,0
BRDA:161,5,0,0
BRDA:161,5,1,0
BRDA:167,6,0,0
BRDA:167,6,1,0
BRDA:172,7,0,0
BRDA:172,7,1,0
BRF:15
BRH:0
end_of_record
TN:
SF:utils\error.utils.js
FN:10,(anonymous_0)
FN:26,(anonymous_1)
FN:49,(anonymous_2)
FNF:3
FNH:0
FNDA:0,(anonymous_0)
FNDA:0,(anonymous_1)
FNDA:0,(anonymous_2)
DA:1,0
DA:10,0
DA:11,0
DA:12,0
DA:14,0
DA:15,0
DA:18,0
DA:26,0
DA:27,0
DA:30,0
DA:33,0
DA:38,0
DA:39,0
DA:43,0
DA:44,0
DA:48,0
DA:49,0
DA:54,0
DA:61,0
DA:62,0
DA:68,0
DA:69,0
DA:70,0
DA:72,0
DA:78,0
DA:81,0
LF:26
LH:0
BRDA:10,0,0,0
BRDA:10,1,0,0
BRDA:14,2,0,0
BRDA:14,2,1,0
BRDA:30,3,0,0
BRDA:30,3,1,0
BRDA:34,4,0,0
BRDA:34,4,1,0
BRDA:38,5,0,0
BRDA:38,5,1,0
BRDA:38,6,0,0
BRDA:38,6,1,0
BRDA:43,7,0,0
BRDA:43,7,1,0
BRDA:43,8,0,0
BRDA:43,8,1,0
BRDA:48,9,0,0
BRDA:48,9,1,0
BRDA:61,10,0,0
BRDA:61,10,1,0
BRDA:61,11,0,0
BRDA:61,11,1,0
BRDA:68,12,0,0
BRDA:68,12,1,0
BRF:24
BRH:0
end_of_record
TN:
SF:utils\geradores.js
FN:8,(anonymous_0)
FNF:1
FNH:0
FNDA:0,(anonymous_0)
DA:1,0
DA:8,0
DA:9,0
DA:12,0
DA:18,0
DA:20,0
DA:22,0
DA:23,0
DA:24,0
DA:29,0
DA:31,0
LF:11
LH:0
BRDA:20,0,0,0
BRDA:20,0,1,0
BRDA:23,1,0,0
BRDA:23,1,1,0
BRF:4
BRH:0
end_of_record
TN:
SF:utils\validacao.utils.js
FN:6,(anonymous_0)
FN:19,(anonymous_1)
FN:36,(anonymous_2)
FN:40,(anonymous_3)
FNF:4
FNH:0
FNDA:0,(anonymous_0)
FNDA:0,(anonymous_1)
FNDA:0,(anonymous_2)
FNDA:0,(anonymous_3)
DA:6,0
DA:7,0
DA:10,0
DA:11,0
DA:19,0
DA:20,0
DA:22,0
DA:36,0
DA:37,0
DA:40,0
DA:41,0
DA:44,0
DA:45,0
DA:49,0
DA:53,0
DA:54,0
DA:58,0
DA:59,0
DA:61,0
DA:63,0
DA:64,0
DA:66,0
DA:67,0
DA:69,0
DA:70,0
DA:72,0
DA:73,0
DA:75,0
DA:76,0
DA:78,0
DA:79,0
DA:82,0
DA:83,0
DA:91,0
DA:92,0
DA:93,0
DA:101,0
DA:102,0
DA:106,0
DA:107,0
DA:115,0
DA:116,0
DA:120,0
DA:121,0
DA:129,0
DA:130,0
DA:131,0
DA:139,0
DA:140,0
DA:141,0
DA:149,0
DA:150,0
DA:151,0
DA:159,0
DA:160,0
DA:161,0
DA:162,0
DA:170,0
DA:176,0
LF:59
LH:0
BRDA:7,0,0,0
BRDA:7,0,1,0
BRDA:20,1,0,0
BRDA:20,1,1,0
BRDA:44,2,0,0
BRDA:44,2,1,0
BRDA:44,3,0,0
BRDA:44,3,1,0
BRDA:44,3,2,0
BRDA:44,3,3,0
BRDA:53,4,0,0
BRDA:53,4,1,0
BRDA:53,5,0,0
BRDA:53,5,1,0
BRDA:58,6,0,0
BRDA:58,6,1,0
BRDA:61,7,0,0
BRDA:61,7,1,0
BRDA:61,7,2,0
BRDA:61,7,3,0
BRDA:61,7,4,0
BRDA:61,7,5,0
BRDA:66,8,0,0
BRDA:66,8,1,0
BRDA:72,9,0,0
BRDA:72,9,1,0
BRDA:78,10,0,0
BRDA:78,10,1,0
BRDA:82,11,0,0
BRDA:82,11,1,0
BRDA:91,12,0,0
BRDA:91,12,1,0
BRDA:91,13,0,0
BRDA:91,13,1,0
BRDA:92,14,0,0
BRDA:92,14,1,0
BRDA:95,15,0,0
BRDA:95,15,1,0
BRDA:101,16,0,0
BRDA:101,16,1,0
BRDA:102,17,0,0
BRDA:102,17,1,0
BRDA:102,18,0,0
BRDA:102,18,1,0
BRDA:106,19,0,0
BRDA:106,19,1,0
BRDA:115,20,0,0
BRDA:115,20,1,0
BRDA:116,21,0,0
BRDA:116,21,1,0
BRDA:116,22,0,0
BRDA:116,22,1,0
BRDA:120,23,0,0
BRDA:120,23,1,0
BRDA:129,24,0,0
BRDA:129,24,1,0
BRDA:129,25,0,0
BRDA:129,25,1,0
BRDA:130,26,0,0
BRDA:130,26,1,0
BRDA:139,27,0,0
BRDA:139,27,1,0
BRDA:139,28,0,0
BRDA:139,28,1,0
BRDA:140,29,0,0
BRDA:140,29,1,0
BRDA:149,30,0,0
BRDA:149,30,1,0
BRDA:149,31,0,0
BRDA:149,31,1,0
BRDA:150,32,0,0
BRDA:150,32,1,0
BRDA:159,33,0,0
BRDA:159,33,1,0
BRDA:159,34,0,0
BRDA:159,34,1,0
BRDA:161,35,0,0
BRDA:161,35,1,0
BRDA:164,36,0,0
BRDA:164,36,1,0
BRF:80
BRH:0
end_of_record
